2014/12/19 22:10:37 [error] [php] include(WebUser.php): failed to open stream: No such file or directory (C:\wamp\www\yii\framework\YiiBase.php:427)
Stack trace:
#0 C:\wamp\www\yii\framework\YiiBase.php(196): import()
#1 C:\wamp\www\yii\framework\base\CModule.php(386): createComponent()
#2 C:\wamp\www\yii\framework\base\CModule.php(103): CWebApplication->getComponent()
#3 C:\wamp\www\project-new1\protected\views\layouts\main.php(35): CWebApplication->__get()
#4 C:\wamp\www\yii\framework\web\CBaseController.php(126): require()
#5 C:\wamp\www\yii\framework\web\CBaseController.php(95): SiteController->renderInternal()
#6 C:\wamp\www\yii\framework\web\widgets\CContentDecorator.php(76): SiteController->renderFile()
#7 C:\wamp\www\yii\framework\web\widgets\CContentDecorator.php(54): CContentDecorator->decorate()
#8 C:\wamp\www\yii\framework\web\widgets\COutputProcessor.php(44): CContentDecorator->processOutput()
#9 C:\wamp\www\yii\framework\web\CBaseController.php(206): CContentDecorator->run()
#10 C:\wamp\www\yii\framework\web\CBaseController.php(300): SiteController->endWidget()
#11 C:\wamp\www\project-new1\protected\views\layouts\column1.php(6): SiteController->endContent()
#12 C:\wamp\www\yii\framework\web\CBaseController.php(126): require()
#13 C:\wamp\www\yii\framework\web\CBaseController.php(95): SiteController->renderInternal()
#14 C:\wamp\www\yii\framework\web\CController.php(784): SiteController->renderFile()
#15 C:\wamp\www\project-new1\protected\controllers\SiteController.php(32): SiteController->render()
#16 C:\wamp\www\yii\framework\web\actions\CInlineAction.php(49): SiteController->actionIndex()
#17 C:\wamp\www\yii\framework\web\CController.php(308): CInlineAction->runWithParams()
#18 C:\wamp\www\yii\framework\web\CController.php(286): SiteController->runAction()
#19 C:\wamp\www\yii\framework\web\CController.php(265): SiteController->runActionWithFilters()
#20 C:\wamp\www\yii\framework\web\CWebApplication.php(282): SiteController->run()
#21 C:\wamp\www\yii\framework\web\CWebApplication.php(141): CWebApplication->runController()
#22 C:\wamp\www\yii\framework\base\CApplication.php(180): CWebApplication->processRequest()
#23 C:\wamp\www\project-new1\index.php(13): CWebApplication->run()
REQUEST_URI=/project-new1/index.php?r=site/index
in C:\wamp\www\project-new1\protected\views\layouts\main.php (35)
in C:\wamp\www\project-new1\protected\views\layouts\column1.php (6)
in C:\wamp\www\project-new1\protected\controllers\SiteController.php (32)
2014/12/19 22:11:33 [error] [exception.CException] exception 'CException' with message 'Alias "user.UserModule" is invalid. Make sure it points to an existing PHP file and the file is readable.' in C:\wamp\www\yii\framework\YiiBase.php:322
Stack trace:
#0 C:\wamp\www\yii\framework\YiiBase.php(196): YiiBase::import('user.UserModule', true)
#1 C:\wamp\www\yii\framework\base\CModule.php(282): YiiBase::createComponent('user.UserModule', 'user', NULL, Array)
#2 C:\wamp\www\yii\framework\web\CWebApplication.php(337): CModule->getModule('user')
#3 C:\wamp\www\yii\framework\web\CWebApplication.php(276): CWebApplication->createController('user')
#4 C:\wamp\www\yii\framework\web\CWebApplication.php(141): CWebApplication->runController('user')
#5 C:\wamp\www\yii\framework\base\CApplication.php(180): CWebApplication->processRequest()
#6 C:\wamp\www\project-new1\index.php(13): CApplication->run()
#7 {main}
REQUEST_URI=/project-new1/index.php?r=user
---
2014/12/19 22:13:26 [error] [php] include(WebUser.php): failed to open stream: No such file or directory (C:\wamp\www\yii\framework\YiiBase.php:427)
Stack trace:
#0 C:\wamp\www\yii\framework\YiiBase.php(196): import()
#1 C:\wamp\www\yii\framework\base\CModule.php(386): createComponent()
#2 C:\wamp\www\yii\framework\base\CModule.php(103): CWebApplication->getComponent()
#3 C:\wamp\www\project-new1\protected\modules\user\UserModule.php(174): CWebApplication->__get()
#4 C:\wamp\www\project-new1\protected\modules\user\views\user\index.php(8): isAdmin()
#5 C:\wamp\www\yii\framework\web\CBaseController.php(126): require()
#6 C:\wamp\www\yii\framework\web\CBaseController.php(95): DefaultController->renderInternal()
#7 C:\wamp\www\yii\framework\web\CController.php(869): DefaultController->renderFile()
#8 C:\wamp\www\yii\framework\web\CController.php(782): DefaultController->renderPartial()
#9 C:\wamp\www\project-new1\protected\modules\user\controllers\DefaultController.php(22): DefaultController->render()
#10 C:\wamp\www\yii\framework\web\actions\CInlineAction.php(49): DefaultController->actionIndex()
#11 C:\wamp\www\yii\framework\web\CController.php(308): CInlineAction->runWithParams()
#12 C:\wamp\www\yii\framework\web\CController.php(286): DefaultController->runAction()
#13 C:\wamp\www\yii\framework\web\CController.php(265): DefaultController->runActionWithFilters()
#14 C:\wamp\www\yii\framework\web\CWebApplication.php(282): DefaultController->run()
#15 C:\wamp\www\yii\framework\web\CWebApplication.php(141): CWebApplication->runController()
#16 C:\wamp\www\yii\framework\base\CApplication.php(180): CWebApplication->processRequest()
#17 C:\wamp\www\project-new1\index.php(13): CWebApplication->run()
REQUEST_URI=/project-new1/index.php?r=user
in C:\wamp\www\project-new1\protected\modules\user\UserModule.php (174)
in C:\wamp\www\project-new1\protected\modules\user\views\user\index.php (8)
in C:\wamp\www\project-new1\protected\modules\user\controllers\DefaultController.php (22)
2014/12/19 22:13:34 [error] [php] include(WebUser.php): failed to open stream: No such file or directory (C:\wamp\www\yii\framework\YiiBase.php:427)
Stack trace:
#0 C:\wamp\www\yii\framework\YiiBase.php(196): import()
#1 C:\wamp\www\yii\framework\base\CModule.php(386): createComponent()
#2 C:\wamp\www\yii\framework\base\CModule.php(103): CWebApplication->getComponent()
#3 C:\wamp\www\project-new1\protected\views\layouts\main.php(35): CWebApplication->__get()
#4 C:\wamp\www\yii\framework\web\CBaseController.php(126): require()
#5 C:\wamp\www\yii\framework\web\CBaseController.php(95): SiteController->renderInternal()
#6 C:\wamp\www\yii\framework\web\widgets\CContentDecorator.php(76): SiteController->renderFile()
#7 C:\wamp\www\yii\framework\web\widgets\CContentDecorator.php(54): CContentDecorator->decorate()
#8 C:\wamp\www\yii\framework\web\widgets\COutputProcessor.php(44): CContentDecorator->processOutput()
#9 C:\wamp\www\yii\framework\web\CBaseController.php(206): CContentDecorator->run()
#10 C:\wamp\www\yii\framework\web\CBaseController.php(300): SiteController->endWidget()
#11 C:\wamp\www\project-new1\protected\views\layouts\column1.php(6): SiteController->endContent()
#12 C:\wamp\www\yii\framework\web\CBaseController.php(126): require()
#13 C:\wamp\www\yii\framework\web\CBaseController.php(95): SiteController->renderInternal()
#14 C:\wamp\www\yii\framework\web\CController.php(784): SiteController->renderFile()
#15 C:\wamp\www\project-new1\protected\controllers\SiteController.php(32): SiteController->render()
#16 C:\wamp\www\yii\framework\web\actions\CInlineAction.php(49): SiteController->actionIndex()
#17 C:\wamp\www\yii\framework\web\CController.php(308): CInlineAction->runWithParams()
#18 C:\wamp\www\yii\framework\web\CController.php(286): SiteController->runAction()
#19 C:\wamp\www\yii\framework\web\CController.php(265): SiteController->runActionWithFilters()
#20 C:\wamp\www\yii\framework\web\CWebApplication.php(282): SiteController->run()
#21 C:\wamp\www\yii\framework\web\CWebApplication.php(141): CWebApplication->runController()
#22 C:\wamp\www\yii\framework\base\CApplication.php(180): CWebApplication->processRequest()
#23 C:\wamp\www\project-new1\index.php(13): CWebApplication->run()
REQUEST_URI=/project-new1/index.php?r=site
in C:\wamp\www\project-new1\protected\views\layouts\main.php (35)
in C:\wamp\www\project-new1\protected\views\layouts\column1.php (6)
in C:\wamp\www\project-new1\protected\controllers\SiteController.php (32)
2014/12/19 22:13:38 [error] [php] include(WebUser.php): failed to open stream: No such file or directory (C:\wamp\www\yii\framework\YiiBase.php:427)
Stack trace:
#0 C:\wamp\www\yii\framework\YiiBase.php(196): import()
#1 C:\wamp\www\yii\framework\base\CModule.php(386): createComponent()
#2 C:\wamp\www\yii\framework\base\CModule.php(103): CWebApplication->getComponent()
#3 C:\wamp\www\project-new1\protected\views\layouts\main.php(35): CWebApplication->__get()
#4 C:\wamp\www\yii\framework\web\CBaseController.php(126): require()
#5 C:\wamp\www\yii\framework\web\CBaseController.php(95): SiteController->renderInternal()
#6 C:\wamp\www\yii\framework\web\widgets\CContentDecorator.php(76): SiteController->renderFile()
#7 C:\wamp\www\yii\framework\web\widgets\CContentDecorator.php(54): CContentDecorator->decorate()
#8 C:\wamp\www\yii\framework\web\widgets\COutputProcessor.php(44): CContentDecorator->processOutput()
#9 C:\wamp\www\yii\framework\web\CBaseController.php(206): CContentDecorator->run()
#10 C:\wamp\www\yii\framework\web\CBaseController.php(300): SiteController->endWidget()
#11 C:\wamp\www\project-new1\protected\views\layouts\column1.php(6): SiteController->endContent()
#12 C:\wamp\www\yii\framework\web\CBaseController.php(126): require()
#13 C:\wamp\www\yii\framework\web\CBaseController.php(95): SiteController->renderInternal()
#14 C:\wamp\www\yii\framework\web\CController.php(784): SiteController->renderFile()
#15 C:\wamp\www\project-new1\protected\controllers\SiteController.php(32): SiteController->render()
#16 C:\wamp\www\yii\framework\web\actions\CInlineAction.php(49): SiteController->actionIndex()
#17 C:\wamp\www\yii\framework\web\CController.php(308): CInlineAction->runWithParams()
#18 C:\wamp\www\yii\framework\web\CController.php(286): SiteController->runAction()
#19 C:\wamp\www\yii\framework\web\CController.php(265): SiteController->runActionWithFilters()
#20 C:\wamp\www\yii\framework\web\CWebApplication.php(282): SiteController->run()
#21 C:\wamp\www\yii\framework\web\CWebApplication.php(141): CWebApplication->runController()
#22 C:\wamp\www\yii\framework\base\CApplication.php(180): CWebApplication->processRequest()
#23 C:\wamp\www\project-new1\index.php(13): CWebApplication->run()
REQUEST_URI=/project-new1/index.php
in C:\wamp\www\project-new1\protected\views\layouts\main.php (35)
in C:\wamp\www\project-new1\protected\views\layouts\column1.php (6)
in C:\wamp\www\project-new1\protected\controllers\SiteController.php (32)
2014/12/19 22:13:39 [error] [php] include(WebUser.php): failed to open stream: No such file or directory (C:\wamp\www\yii\framework\YiiBase.php:427)
Stack trace:
#0 C:\wamp\www\yii\framework\YiiBase.php(196): import()
#1 C:\wamp\www\yii\framework\base\CModule.php(386): createComponent()
#2 C:\wamp\www\yii\framework\base\CModule.php(103): CWebApplication->getComponent()
#3 C:\wamp\www\project-new1\protected\views\layouts\main.php(35): CWebApplication->__get()
#4 C:\wamp\www\yii\framework\web\CBaseController.php(126): require()
#5 C:\wamp\www\yii\framework\web\CBaseController.php(95): SiteController->renderInternal()
#6 C:\wamp\www\yii\framework\web\widgets\CContentDecorator.php(76): SiteController->renderFile()
#7 C:\wamp\www\yii\framework\web\widgets\CContentDecorator.php(54): CContentDecorator->decorate()
#8 C:\wamp\www\yii\framework\web\widgets\COutputProcessor.php(44): CContentDecorator->processOutput()
#9 C:\wamp\www\yii\framework\web\CBaseController.php(206): CContentDecorator->run()
#10 C:\wamp\www\yii\framework\web\CBaseController.php(300): SiteController->endWidget()
#11 C:\wamp\www\project-new1\protected\views\layouts\column1.php(6): SiteController->endContent()
#12 C:\wamp\www\yii\framework\web\CBaseController.php(126): require()
#13 C:\wamp\www\yii\framework\web\CBaseController.php(95): SiteController->renderInternal()
#14 C:\wamp\www\yii\framework\web\CController.php(784): SiteController->renderFile()
#15 C:\wamp\www\project-new1\protected\controllers\SiteController.php(32): SiteController->render()
#16 C:\wamp\www\yii\framework\web\actions\CInlineAction.php(49): SiteController->actionIndex()
#17 C:\wamp\www\yii\framework\web\CController.php(308): CInlineAction->runWithParams()
#18 C:\wamp\www\yii\framework\web\CController.php(286): SiteController->runAction()
#19 C:\wamp\www\yii\framework\web\CController.php(265): SiteController->runActionWithFilters()
#20 C:\wamp\www\yii\framework\web\CWebApplication.php(282): SiteController->run()
#21 C:\wamp\www\yii\framework\web\CWebApplication.php(141): CWebApplication->runController()
#22 C:\wamp\www\yii\framework\base\CApplication.php(180): CWebApplication->processRequest()
#23 C:\wamp\www\project-new1\index.php(13): CWebApplication->run()
REQUEST_URI=/project-new1/index.php
in C:\wamp\www\project-new1\protected\views\layouts\main.php (35)
in C:\wamp\www\project-new1\protected\views\layouts\column1.php (6)
in C:\wamp\www\project-new1\protected\controllers\SiteController.php (32)
2014/12/19 22:17:21 [error] [php] include(WebUser.php): failed to open stream: No such file or directory (C:\wamp\www\yii\framework\YiiBase.php:427)
Stack trace:
#0 C:\wamp\www\yii\framework\YiiBase.php(196): import()
#1 C:\wamp\www\yii\framework\base\CModule.php(386): createComponent()
#2 C:\wamp\www\yii\framework\base\CModule.php(103): CWebApplication->getComponent()
#3 C:\wamp\www\project-new1\protected\views\layouts\main.php(35): CWebApplication->__get()
#4 C:\wamp\www\yii\framework\web\CBaseController.php(126): require()
#5 C:\wamp\www\yii\framework\web\CBaseController.php(95): SiteController->renderInternal()
#6 C:\wamp\www\yii\framework\web\widgets\CContentDecorator.php(76): SiteController->renderFile()
#7 C:\wamp\www\yii\framework\web\widgets\CContentDecorator.php(54): CContentDecorator->decorate()
#8 C:\wamp\www\yii\framework\web\widgets\COutputProcessor.php(44): CContentDecorator->processOutput()
#9 C:\wamp\www\yii\framework\web\CBaseController.php(206): CContentDecorator->run()
#10 C:\wamp\www\yii\framework\web\CBaseController.php(300): SiteController->endWidget()
#11 C:\wamp\www\project-new1\protected\views\layouts\column1.php(6): SiteController->endContent()
#12 C:\wamp\www\yii\framework\web\CBaseController.php(126): require()
#13 C:\wamp\www\yii\framework\web\CBaseController.php(95): SiteController->renderInternal()
#14 C:\wamp\www\yii\framework\web\CController.php(784): SiteController->renderFile()
#15 C:\wamp\www\project-new1\protected\controllers\SiteController.php(32): SiteController->render()
#16 C:\wamp\www\yii\framework\web\actions\CInlineAction.php(49): SiteController->actionIndex()
#17 C:\wamp\www\yii\framework\web\CController.php(308): CInlineAction->runWithParams()
#18 C:\wamp\www\yii\framework\web\CController.php(286): SiteController->runAction()
#19 C:\wamp\www\yii\framework\web\CController.php(265): SiteController->runActionWithFilters()
#20 C:\wamp\www\yii\framework\web\CWebApplication.php(282): SiteController->run()
#21 C:\wamp\www\yii\framework\web\CWebApplication.php(141): CWebApplication->runController()
#22 C:\wamp\www\yii\framework\base\CApplication.php(180): CWebApplication->processRequest()
#23 C:\wamp\www\project-new1\index.php(13): CWebApplication->run()
REQUEST_URI=/project-new1/index.php
in C:\wamp\www\project-new1\protected\views\layouts\main.php (35)
in C:\wamp\www\project-new1\protected\views\layouts\column1.php (6)
in C:\wamp\www\project-new1\protected\controllers\SiteController.php (32)
2014/12/19 22:17:21 [error] [php] include(WebUser.php): failed to open stream: No such file or directory (C:\wamp\www\yii\framework\YiiBase.php:427)
Stack trace:
#0 C:\wamp\www\yii\framework\YiiBase.php(196): import()
#1 C:\wamp\www\yii\framework\base\CModule.php(386): createComponent()
#2 C:\wamp\www\yii\framework\base\CModule.php(103): CWebApplication->getComponent()
#3 C:\wamp\www\project-new1\protected\views\layouts\main.php(35): CWebApplication->__get()
#4 C:\wamp\www\yii\framework\web\CBaseController.php(126): require()
#5 C:\wamp\www\yii\framework\web\CBaseController.php(95): SiteController->renderInternal()
#6 C:\wamp\www\yii\framework\web\widgets\CContentDecorator.php(76): SiteController->renderFile()
#7 C:\wamp\www\yii\framework\web\widgets\CContentDecorator.php(54): CContentDecorator->decorate()
#8 C:\wamp\www\yii\framework\web\widgets\COutputProcessor.php(44): CContentDecorator->processOutput()
#9 C:\wamp\www\yii\framework\web\CBaseController.php(206): CContentDecorator->run()
#10 C:\wamp\www\yii\framework\web\CBaseController.php(300): SiteController->endWidget()
#11 C:\wamp\www\project-new1\protected\views\layouts\column1.php(6): SiteController->endContent()
#12 C:\wamp\www\yii\framework\web\CBaseController.php(126): require()
#13 C:\wamp\www\yii\framework\web\CBaseController.php(95): SiteController->renderInternal()
#14 C:\wamp\www\yii\framework\web\CController.php(784): SiteController->renderFile()
#15 C:\wamp\www\project-new1\protected\controllers\SiteController.php(32): SiteController->render()
#16 C:\wamp\www\yii\framework\web\actions\CInlineAction.php(49): SiteController->actionIndex()
#17 C:\wamp\www\yii\framework\web\CController.php(308): CInlineAction->runWithParams()
#18 C:\wamp\www\yii\framework\web\CController.php(286): SiteController->runAction()
#19 C:\wamp\www\yii\framework\web\CController.php(265): SiteController->runActionWithFilters()
#20 C:\wamp\www\yii\framework\web\CWebApplication.php(282): SiteController->run()
#21 C:\wamp\www\yii\framework\web\CWebApplication.php(141): CWebApplication->runController()
#22 C:\wamp\www\yii\framework\base\CApplication.php(180): CWebApplication->processRequest()
#23 C:\wamp\www\project-new1\index.php(13): CWebApplication->run()
REQUEST_URI=/project-new1/index.php
in C:\wamp\www\project-new1\protected\views\layouts\main.php (35)
in C:\wamp\www\project-new1\protected\views\layouts\column1.php (6)
in C:\wamp\www\project-new1\protected\controllers\SiteController.php (32)
2014/12/19 22:17:22 [error] [php] include(WebUser.php): failed to open stream: No such file or directory (C:\wamp\www\yii\framework\YiiBase.php:427)
Stack trace:
#0 C:\wamp\www\yii\framework\YiiBase.php(196): import()
#1 C:\wamp\www\yii\framework\base\CModule.php(386): createComponent()
#2 C:\wamp\www\yii\framework\base\CModule.php(103): CWebApplication->getComponent()
#3 C:\wamp\www\project-new1\protected\views\layouts\main.php(35): CWebApplication->__get()
#4 C:\wamp\www\yii\framework\web\CBaseController.php(126): require()
#5 C:\wamp\www\yii\framework\web\CBaseController.php(95): SiteController->renderInternal()
#6 C:\wamp\www\yii\framework\web\widgets\CContentDecorator.php(76): SiteController->renderFile()
#7 C:\wamp\www\yii\framework\web\widgets\CContentDecorator.php(54): CContentDecorator->decorate()
#8 C:\wamp\www\yii\framework\web\widgets\COutputProcessor.php(44): CContentDecorator->processOutput()
#9 C:\wamp\www\yii\framework\web\CBaseController.php(206): CContentDecorator->run()
#10 C:\wamp\www\yii\framework\web\CBaseController.php(300): SiteController->endWidget()
#11 C:\wamp\www\project-new1\protected\views\layouts\column1.php(6): SiteController->endContent()
#12 C:\wamp\www\yii\framework\web\CBaseController.php(126): require()
#13 C:\wamp\www\yii\framework\web\CBaseController.php(95): SiteController->renderInternal()
#14 C:\wamp\www\yii\framework\web\CController.php(784): SiteController->renderFile()
#15 C:\wamp\www\project-new1\protected\controllers\SiteController.php(32): SiteController->render()
#16 C:\wamp\www\yii\framework\web\actions\CInlineAction.php(49): SiteController->actionIndex()
#17 C:\wamp\www\yii\framework\web\CController.php(308): CInlineAction->runWithParams()
#18 C:\wamp\www\yii\framework\web\CController.php(286): SiteController->runAction()
#19 C:\wamp\www\yii\framework\web\CController.php(265): SiteController->runActionWithFilters()
#20 C:\wamp\www\yii\framework\web\CWebApplication.php(282): SiteController->run()
#21 C:\wamp\www\yii\framework\web\CWebApplication.php(141): CWebApplication->runController()
#22 C:\wamp\www\yii\framework\base\CApplication.php(180): CWebApplication->processRequest()
#23 C:\wamp\www\project-new1\index.php(13): CWebApplication->run()
REQUEST_URI=/project-new1/index.php
in C:\wamp\www\project-new1\protected\views\layouts\main.php (35)
in C:\wamp\www\project-new1\protected\views\layouts\column1.php (6)
in C:\wamp\www\project-new1\protected\controllers\SiteController.php (32)
2014/12/19 22:17:22 [error] [php] include(WebUser.php): failed to open stream: No such file or directory (C:\wamp\www\yii\framework\YiiBase.php:427)
Stack trace:
#0 C:\wamp\www\yii\framework\YiiBase.php(196): import()
#1 C:\wamp\www\yii\framework\base\CModule.php(386): createComponent()
#2 C:\wamp\www\yii\framework\base\CModule.php(103): CWebApplication->getComponent()
#3 C:\wamp\www\project-new1\protected\views\layouts\main.php(35): CWebApplication->__get()
#4 C:\wamp\www\yii\framework\web\CBaseController.php(126): require()
#5 C:\wamp\www\yii\framework\web\CBaseController.php(95): SiteController->renderInternal()
#6 C:\wamp\www\yii\framework\web\widgets\CContentDecorator.php(76): SiteController->renderFile()
#7 C:\wamp\www\yii\framework\web\widgets\CContentDecorator.php(54): CContentDecorator->decorate()
#8 C:\wamp\www\yii\framework\web\widgets\COutputProcessor.php(44): CContentDecorator->processOutput()
#9 C:\wamp\www\yii\framework\web\CBaseController.php(206): CContentDecorator->run()
#10 C:\wamp\www\yii\framework\web\CBaseController.php(300): SiteController->endWidget()
#11 C:\wamp\www\project-new1\protected\views\layouts\column1.php(6): SiteController->endContent()
#12 C:\wamp\www\yii\framework\web\CBaseController.php(126): require()
#13 C:\wamp\www\yii\framework\web\CBaseController.php(95): SiteController->renderInternal()
#14 C:\wamp\www\yii\framework\web\CController.php(784): SiteController->renderFile()
#15 C:\wamp\www\project-new1\protected\controllers\SiteController.php(32): SiteController->render()
#16 C:\wamp\www\yii\framework\web\actions\CInlineAction.php(49): SiteController->actionIndex()
#17 C:\wamp\www\yii\framework\web\CController.php(308): CInlineAction->runWithParams()
#18 C:\wamp\www\yii\framework\web\CController.php(286): SiteController->runAction()
#19 C:\wamp\www\yii\framework\web\CController.php(265): SiteController->runActionWithFilters()
#20 C:\wamp\www\yii\framework\web\CWebApplication.php(282): SiteController->run()
#21 C:\wamp\www\yii\framework\web\CWebApplication.php(141): CWebApplication->runController()
#22 C:\wamp\www\yii\framework\base\CApplication.php(180): CWebApplication->processRequest()
#23 C:\wamp\www\project-new1\index.php(13): CWebApplication->run()
REQUEST_URI=/project-new1/index.php
in C:\wamp\www\project-new1\protected\views\layouts\main.php (35)
in C:\wamp\www\project-new1\protected\views\layouts\column1.php (6)
in C:\wamp\www\project-new1\protected\controllers\SiteController.php (32)
2014/12/19 22:17:22 [error] [php] include(WebUser.php): failed to open stream: No such file or directory (C:\wamp\www\yii\framework\YiiBase.php:427)
Stack trace:
#0 C:\wamp\www\yii\framework\YiiBase.php(196): import()
#1 C:\wamp\www\yii\framework\base\CModule.php(386): createComponent()
#2 C:\wamp\www\yii\framework\base\CModule.php(103): CWebApplication->getComponent()
#3 C:\wamp\www\project-new1\protected\views\layouts\main.php(35): CWebApplication->__get()
#4 C:\wamp\www\yii\framework\web\CBaseController.php(126): require()
#5 C:\wamp\www\yii\framework\web\CBaseController.php(95): SiteController->renderInternal()
#6 C:\wamp\www\yii\framework\web\widgets\CContentDecorator.php(76): SiteController->renderFile()
#7 C:\wamp\www\yii\framework\web\widgets\CContentDecorator.php(54): CContentDecorator->decorate()
#8 C:\wamp\www\yii\framework\web\widgets\COutputProcessor.php(44): CContentDecorator->processOutput()
#9 C:\wamp\www\yii\framework\web\CBaseController.php(206): CContentDecorator->run()
#10 C:\wamp\www\yii\framework\web\CBaseController.php(300): SiteController->endWidget()
#11 C:\wamp\www\project-new1\protected\views\layouts\column1.php(6): SiteController->endContent()
#12 C:\wamp\www\yii\framework\web\CBaseController.php(126): require()
#13 C:\wamp\www\yii\framework\web\CBaseController.php(95): SiteController->renderInternal()
#14 C:\wamp\www\yii\framework\web\CController.php(784): SiteController->renderFile()
#15 C:\wamp\www\project-new1\protected\controllers\SiteController.php(32): SiteController->render()
#16 C:\wamp\www\yii\framework\web\actions\CInlineAction.php(49): SiteController->actionIndex()
#17 C:\wamp\www\yii\framework\web\CController.php(308): CInlineAction->runWithParams()
#18 C:\wamp\www\yii\framework\web\CController.php(286): SiteController->runAction()
#19 C:\wamp\www\yii\framework\web\CController.php(265): SiteController->runActionWithFilters()
#20 C:\wamp\www\yii\framework\web\CWebApplication.php(282): SiteController->run()
#21 C:\wamp\www\yii\framework\web\CWebApplication.php(141): CWebApplication->runController()
#22 C:\wamp\www\yii\framework\base\CApplication.php(180): CWebApplication->processRequest()
#23 C:\wamp\www\project-new1\index.php(13): CWebApplication->run()
REQUEST_URI=/project-new1/index.php
in C:\wamp\www\project-new1\protected\views\layouts\main.php (35)
in C:\wamp\www\project-new1\protected\views\layouts\column1.php (6)
in C:\wamp\www\project-new1\protected\controllers\SiteController.php (32)
2014/12/19 22:17:23 [error] [php] include(WebUser.php): failed to open stream: No such file or directory (C:\wamp\www\yii\framework\YiiBase.php:427)
Stack trace:
#0 C:\wamp\www\yii\framework\YiiBase.php(196): import()
#1 C:\wamp\www\yii\framework\base\CModule.php(386): createComponent()
#2 C:\wamp\www\yii\framework\base\CModule.php(103): CWebApplication->getComponent()
#3 C:\wamp\www\project-new1\protected\views\layouts\main.php(35): CWebApplication->__get()
#4 C:\wamp\www\yii\framework\web\CBaseController.php(126): require()
#5 C:\wamp\www\yii\framework\web\CBaseController.php(95): SiteController->renderInternal()
#6 C:\wamp\www\yii\framework\web\widgets\CContentDecorator.php(76): SiteController->renderFile()
#7 C:\wamp\www\yii\framework\web\widgets\CContentDecorator.php(54): CContentDecorator->decorate()
#8 C:\wamp\www\yii\framework\web\widgets\COutputProcessor.php(44): CContentDecorator->processOutput()
#9 C:\wamp\www\yii\framework\web\CBaseController.php(206): CContentDecorator->run()
#10 C:\wamp\www\yii\framework\web\CBaseController.php(300): SiteController->endWidget()
#11 C:\wamp\www\project-new1\protected\views\layouts\column1.php(6): SiteController->endContent()
#12 C:\wamp\www\yii\framework\web\CBaseController.php(126): require()
#13 C:\wamp\www\yii\framework\web\CBaseController.php(95): SiteController->renderInternal()
#14 C:\wamp\www\yii\framework\web\CController.php(784): SiteController->renderFile()
#15 C:\wamp\www\project-new1\protected\controllers\SiteController.php(32): SiteController->render()
#16 C:\wamp\www\yii\framework\web\actions\CInlineAction.php(49): SiteController->actionIndex()
#17 C:\wamp\www\yii\framework\web\CController.php(308): CInlineAction->runWithParams()
#18 C:\wamp\www\yii\framework\web\CController.php(286): SiteController->runAction()
#19 C:\wamp\www\yii\framework\web\CController.php(265): SiteController->runActionWithFilters()
#20 C:\wamp\www\yii\framework\web\CWebApplication.php(282): SiteController->run()
#21 C:\wamp\www\yii\framework\web\CWebApplication.php(141): CWebApplication->runController()
#22 C:\wamp\www\yii\framework\base\CApplication.php(180): CWebApplication->processRequest()
#23 C:\wamp\www\project-new1\index.php(13): CWebApplication->run()
REQUEST_URI=/project-new1/index.php
in C:\wamp\www\project-new1\protected\views\layouts\main.php (35)
in C:\wamp\www\project-new1\protected\views\layouts\column1.php (6)
in C:\wamp\www\project-new1\protected\controllers\SiteController.php (32)
2014/12/19 22:17:23 [error] [php] include(WebUser.php): failed to open stream: No such file or directory (C:\wamp\www\yii\framework\YiiBase.php:427)
Stack trace:
#0 C:\wamp\www\yii\framework\YiiBase.php(196): import()
#1 C:\wamp\www\yii\framework\base\CModule.php(386): createComponent()
#2 C:\wamp\www\yii\framework\base\CModule.php(103): CWebApplication->getComponent()
#3 C:\wamp\www\project-new1\protected\views\layouts\main.php(35): CWebApplication->__get()
#4 C:\wamp\www\yii\framework\web\CBaseController.php(126): require()
#5 C:\wamp\www\yii\framework\web\CBaseController.php(95): SiteController->renderInternal()
#6 C:\wamp\www\yii\framework\web\widgets\CContentDecorator.php(76): SiteController->renderFile()
#7 C:\wamp\www\yii\framework\web\widgets\CContentDecorator.php(54): CContentDecorator->decorate()
#8 C:\wamp\www\yii\framework\web\widgets\COutputProcessor.php(44): CContentDecorator->processOutput()
#9 C:\wamp\www\yii\framework\web\CBaseController.php(206): CContentDecorator->run()
#10 C:\wamp\www\yii\framework\web\CBaseController.php(300): SiteController->endWidget()
#11 C:\wamp\www\project-new1\protected\views\layouts\column1.php(6): SiteController->endContent()
#12 C:\wamp\www\yii\framework\web\CBaseController.php(126): require()
#13 C:\wamp\www\yii\framework\web\CBaseController.php(95): SiteController->renderInternal()
#14 C:\wamp\www\yii\framework\web\CController.php(784): SiteController->renderFile()
#15 C:\wamp\www\project-new1\protected\controllers\SiteController.php(32): SiteController->render()
#16 C:\wamp\www\yii\framework\web\actions\CInlineAction.php(49): SiteController->actionIndex()
#17 C:\wamp\www\yii\framework\web\CController.php(308): CInlineAction->runWithParams()
#18 C:\wamp\www\yii\framework\web\CController.php(286): SiteController->runAction()
#19 C:\wamp\www\yii\framework\web\CController.php(265): SiteController->runActionWithFilters()
#20 C:\wamp\www\yii\framework\web\CWebApplication.php(282): SiteController->run()
#21 C:\wamp\www\yii\framework\web\CWebApplication.php(141): CWebApplication->runController()
#22 C:\wamp\www\yii\framework\base\CApplication.php(180): CWebApplication->processRequest()
#23 C:\wamp\www\project-new1\index.php(13): CWebApplication->run()
REQUEST_URI=/project-new1/index.php
in C:\wamp\www\project-new1\protected\views\layouts\main.php (35)
in C:\wamp\www\project-new1\protected\views\layouts\column1.php (6)
in C:\wamp\www\project-new1\protected\controllers\SiteController.php (32)
2014/12/19 22:19:07 [error] [system.db.CDbCommand] CDbCommand::fetchAll() failed: SQLSTATE[42S02]: Base table or view not found: 1146 Table 'odbc.tbl_users' doesn't exist. The SQL statement executed was: SHOW FULL COLUMNS FROM `tbl_users`.
in C:\wamp\www\project-new1\protected\modules\user\views\user\index.php (31)
in C:\wamp\www\project-new1\protected\modules\user\controllers\DefaultController.php (22)
in C:\wamp\www\project-new1\index.php (13)
2014/12/19 22:19:07 [error] [exception.CDbException] exception 'CDbException' with message 'The table "{{users}}" for active record class "User" cannot be found in the database.' in C:\wamp\www\yii\framework\db\ar\CActiveRecord.php:2362
Stack trace:
#0 C:\wamp\www\yii\framework\db\ar\CActiveRecord.php(411): CActiveRecordMetaData->__construct(Object(User))
#1 C:\wamp\www\yii\framework\db\ar\CActiveRecord.php(658): CActiveRecord->getMetaData()
#2 C:\wamp\www\yii\framework\db\ar\CActiveRecord.php(1601): CActiveRecord->getTableSchema()
#3 C:\wamp\www\yii\framework\web\CActiveDataProvider.php(228): CActiveRecord->count(Object(CDbCriteria))
#4 C:\wamp\www\yii\framework\web\CDataProvider.php(224): CActiveDataProvider->calculateTotalItemCount()
#5 C:\wamp\www\yii\framework\web\CActiveDataProvider.php(178): CDataProvider->getTotalItemCount()
#6 C:\wamp\www\yii\framework\web\CDataProvider.php(168): CActiveDataProvider->fetchData()
#7 C:\wamp\www\yii\framework\zii\widgets\CBaseListView.php(111): CDataProvider->getData()
#8 C:\wamp\www\yii\framework\zii\widgets\grid\CGridView.php(339): CBaseListView->init()
#9 C:\wamp\www\yii\framework\web\CBaseController.php(147): CGridView->init()
#10 C:\wamp\www\yii\framework\web\CBaseController.php(172): CBaseController->createWidget('zii.widgets.gri...', Array)
#11 C:\wamp\www\project-new1\protected\modules\user\views\user\index.php(31): CBaseController->widget('zii.widgets.gri...', Array)
#12 C:\wamp\www\yii\framework\web\CBaseController.php(126): require('C:\\wamp\\www\\pro...')
#13 C:\wamp\www\yii\framework\web\CBaseController.php(95): CBaseController->renderInternal('C:\\wamp\\www\\pro...', Array, true)
#14 C:\wamp\www\yii\framework\web\CController.php(869): CBaseController->renderFile('C:\\wamp\\www\\pro...', Array, true)
#15 C:\wamp\www\yii\framework\web\CController.php(782): CController->renderPartial('/user/index', Array, true)
#16 C:\wamp\www\project-new1\protected\modules\user\controllers\DefaultController.php(22): CController->render('/user/index', Array)
#17 C:\wamp\www\yii\framework\web\actions\CInlineAction.php(49): DefaultController->actionIndex()
#18 C:\wamp\www\yii\framework\web\CController.php(308): CInlineAction->runWithParams(Array)
#19 C:\wamp\www\yii\framework\web\CController.php(286): CController->runAction(Object(CInlineAction))
#20 C:\wamp\www\yii\framework\web\CController.php(265): CController->runActionWithFilters(Object(CInlineAction), Array)
#21 C:\wamp\www\yii\framework\web\CWebApplication.php(282): CController->run('')
#22 C:\wamp\www\yii\framework\web\CWebApplication.php(141): CWebApplication->runController('user')
#23 C:\wamp\www\yii\framework\base\CApplication.php(180): CWebApplication->processRequest()
#24 C:\wamp\www\project-new1\index.php(13): CApplication->run()
#25 {main}
REQUEST_URI=/project-new1/index.php?r=user
---
2014/12/19 22:30:32 [error] [php] mail(): Failed to connect to mailserver at &quot;localhost&quot; port 25, verify your &quot;SMTP&quot; and &quot;smtp_port&quot; setting in php.ini or use ini_set() (C:\wamp\www\project-new1\protected\modules\user\UserModule.php:210)
Stack trace:
#0 C:\wamp\www\yii\framework\web\actions\CInlineAction.php(49): RegistrationController->actionRegistration()
#1 C:\wamp\www\yii\framework\web\CController.php(308): CInlineAction->runWithParams()
#2 C:\wamp\www\yii\framework\web\CController.php(286): RegistrationController->runAction()
#3 C:\wamp\www\yii\framework\web\CController.php(265): RegistrationController->runActionWithFilters()
#4 C:\wamp\www\yii\framework\web\CWebApplication.php(282): RegistrationController->run()
#5 C:\wamp\www\yii\framework\web\CWebApplication.php(141): CWebApplication->runController()
#6 C:\wamp\www\yii\framework\base\CApplication.php(180): CWebApplication->processRequest()
#7 C:\wamp\www\project-new1\index.php(13): CWebApplication->run()
REQUEST_URI=/project-new1/index.php/user/registration
in C:\wamp\www\project-new1\protected\modules\user\UserModule.php (210)
in C:\wamp\www\project-new1\protected\modules\user\controllers\RegistrationController.php (58)
in C:\wamp\www\project-new1\index.php (13)
2014/12/19 23:02:59 [error] [php] mail(): Failed to connect to mailserver at &quot;localhost&quot; port 25, verify your &quot;SMTP&quot; and &quot;smtp_port&quot; setting in php.ini or use ini_set() (C:\wamp\www\project-new1\protected\modules\user\UserModule.php:210)
Stack trace:
#0 C:\wamp\www\yii\framework\web\actions\CInlineAction.php(49): RegistrationController->actionRegistration()
#1 C:\wamp\www\yii\framework\web\CController.php(308): CInlineAction->runWithParams()
#2 C:\wamp\www\yii\framework\web\CController.php(286): RegistrationController->runAction()
#3 C:\wamp\www\yii\framework\web\CController.php(265): RegistrationController->runActionWithFilters()
#4 C:\wamp\www\yii\framework\web\CWebApplication.php(282): RegistrationController->run()
#5 C:\wamp\www\yii\framework\web\CWebApplication.php(141): CWebApplication->runController()
#6 C:\wamp\www\yii\framework\base\CApplication.php(180): CWebApplication->processRequest()
#7 C:\wamp\www\project-new1\index.php(13): CWebApplication->run()
REQUEST_URI=/project-new1/index.php/user/registration
in C:\wamp\www\project-new1\protected\modules\user\UserModule.php (210)
in C:\wamp\www\project-new1\protected\modules\user\controllers\RegistrationController.php (58)
in C:\wamp\www\project-new1\index.php (13)
2014/12/20 12:19:50 [error] [php] mail(): Failed to connect to mailserver at &quot;localhost&quot; port 25, verify your &quot;SMTP&quot; and &quot;smtp_port&quot; setting in php.ini or use ini_set() (C:\wamp\www\project-new1\protected\modules\user\UserModule.php:210)
Stack trace:
#0 C:\wamp\www\yii\framework\web\actions\CInlineAction.php(49): RegistrationController->actionRegistration()
#1 C:\wamp\www\yii\framework\web\CController.php(308): CInlineAction->runWithParams()
#2 C:\wamp\www\yii\framework\web\CController.php(286): RegistrationController->runAction()
#3 C:\wamp\www\yii\framework\web\CController.php(265): RegistrationController->runActionWithFilters()
#4 C:\wamp\www\yii\framework\web\CWebApplication.php(282): RegistrationController->run()
#5 C:\wamp\www\yii\framework\web\CWebApplication.php(141): CWebApplication->runController()
#6 C:\wamp\www\yii\framework\base\CApplication.php(180): CWebApplication->processRequest()
#7 C:\wamp\www\project-new1\index.php(13): CWebApplication->run()
REQUEST_URI=/project-new1/index.php/user/registration
in C:\wamp\www\project-new1\protected\modules\user\UserModule.php (210)
in C:\wamp\www\project-new1\protected\modules\user\controllers\RegistrationController.php (58)
in C:\wamp\www\project-new1\index.php (13)
2014/12/20 12:26:40 [error] [php] mail(): Failed to connect to mailserver at &quot;localhost&quot; port 25, verify your &quot;SMTP&quot; and &quot;smtp_port&quot; setting in php.ini or use ini_set() (C:\wamp\www\project-new1\protected\modules\user\UserModule.php:210)
Stack trace:
#0 C:\wamp\www\yii\framework\web\actions\CInlineAction.php(49): RegistrationController->actionRegistration()
#1 C:\wamp\www\yii\framework\web\CController.php(308): CInlineAction->runWithParams()
#2 C:\wamp\www\yii\framework\web\CController.php(286): RegistrationController->runAction()
#3 C:\wamp\www\yii\framework\web\CController.php(265): RegistrationController->runActionWithFilters()
#4 C:\wamp\www\yii\framework\web\CWebApplication.php(282): RegistrationController->run()
#5 C:\wamp\www\yii\framework\web\CWebApplication.php(141): CWebApplication->runController()
#6 C:\wamp\www\yii\framework\base\CApplication.php(180): CWebApplication->processRequest()
#7 C:\wamp\www\project-new1\index.php(13): CWebApplication->run()
REQUEST_URI=/project-new1/index.php/user/registration
in C:\wamp\www\project-new1\protected\modules\user\UserModule.php (210)
in C:\wamp\www\project-new1\protected\modules\user\controllers\RegistrationController.php (58)
in C:\wamp\www\project-new1\index.php (13)
2014/12/20 12:27:52 [error] [php] mail(): Failed to connect to mailserver at &quot;localhost&quot; port 25, verify your &quot;SMTP&quot; and &quot;smtp_port&quot; setting in php.ini or use ini_set() (C:\wamp\www\project-new1\protected\modules\user\UserModule.php:210)
Stack trace:
#0 C:\wamp\www\yii\framework\web\actions\CInlineAction.php(49): RegistrationController->actionRegistration()
#1 C:\wamp\www\yii\framework\web\CController.php(308): CInlineAction->runWithParams()
#2 C:\wamp\www\yii\framework\web\CController.php(286): RegistrationController->runAction()
#3 C:\wamp\www\yii\framework\web\CController.php(265): RegistrationController->runActionWithFilters()
#4 C:\wamp\www\yii\framework\web\CWebApplication.php(282): RegistrationController->run()
#5 C:\wamp\www\yii\framework\web\CWebApplication.php(141): CWebApplication->runController()
#6 C:\wamp\www\yii\framework\base\CApplication.php(180): CWebApplication->processRequest()
#7 C:\wamp\www\project-new1\index.php(13): CWebApplication->run()
REQUEST_URI=/project-new1/index.php/user/registration
in C:\wamp\www\project-new1\protected\modules\user\UserModule.php (210)
in C:\wamp\www\project-new1\protected\modules\user\controllers\RegistrationController.php (58)
in C:\wamp\www\project-new1\index.php (13)
2014/12/20 12:33:05 [error] [php] mail(): Failed to connect to mailserver at &quot;smtp@gmail.com&quot; port 587, verify your &quot;SMTP&quot; and &quot;smtp_port&quot; setting in php.ini or use ini_set() (C:\wamp\www\project-new1\protected\modules\user\UserModule.php:210)
Stack trace:
#0 C:\wamp\www\yii\framework\web\actions\CInlineAction.php(49): RegistrationController->actionRegistration()
#1 C:\wamp\www\yii\framework\web\CController.php(308): CInlineAction->runWithParams()
#2 C:\wamp\www\yii\framework\web\CController.php(286): RegistrationController->runAction()
#3 C:\wamp\www\yii\framework\web\CController.php(265): RegistrationController->runActionWithFilters()
#4 C:\wamp\www\yii\framework\web\CWebApplication.php(282): RegistrationController->run()
#5 C:\wamp\www\yii\framework\web\CWebApplication.php(141): CWebApplication->runController()
#6 C:\wamp\www\yii\framework\base\CApplication.php(180): CWebApplication->processRequest()
#7 C:\wamp\www\project-new1\index.php(13): CWebApplication->run()
REQUEST_URI=/project-new1/index.php/user/registration
in C:\wamp\www\project-new1\protected\modules\user\UserModule.php (210)
in C:\wamp\www\project-new1\protected\modules\user\controllers\RegistrationController.php (58)
in C:\wamp\www\project-new1\index.php (13)
2014/12/20 12:37:14 [error] [php] mail(): Failed to connect to mailserver at &quot;smtp@gmail.com&quot; port 587, verify your &quot;SMTP&quot; and &quot;smtp_port&quot; setting in php.ini or use ini_set() (C:\wamp\www\project-new1\protected\modules\user\UserModule.php:210)
Stack trace:
#0 C:\wamp\www\yii\framework\web\actions\CInlineAction.php(49): RegistrationController->actionRegistration()
#1 C:\wamp\www\yii\framework\web\CController.php(308): CInlineAction->runWithParams()
#2 C:\wamp\www\yii\framework\web\CController.php(286): RegistrationController->runAction()
#3 C:\wamp\www\yii\framework\web\CController.php(265): RegistrationController->runActionWithFilters()
#4 C:\wamp\www\yii\framework\web\CWebApplication.php(282): RegistrationController->run()
#5 C:\wamp\www\yii\framework\web\CWebApplication.php(141): CWebApplication->runController()
#6 C:\wamp\www\yii\framework\base\CApplication.php(180): CWebApplication->processRequest()
#7 C:\wamp\www\project-new1\index.php(13): CWebApplication->run()
REQUEST_URI=/project-new1/index.php/user/registration
in C:\wamp\www\project-new1\protected\modules\user\UserModule.php (210)
in C:\wamp\www\project-new1\protected\modules\user\controllers\RegistrationController.php (58)
in C:\wamp\www\project-new1\index.php (13)
2014/12/20 12:38:08 [error] [php] mail(): Failed to connect to mailserver at &quot;smtp@gmail.com&quot; port 587, verify your &quot;SMTP&quot; and &quot;smtp_port&quot; setting in php.ini or use ini_set() (C:\wamp\www\project-new1\protected\modules\user\UserModule.php:210)
Stack trace:
#0 C:\wamp\www\yii\framework\web\actions\CInlineAction.php(49): RegistrationController->actionRegistration()
#1 C:\wamp\www\yii\framework\web\CController.php(308): CInlineAction->runWithParams()
#2 C:\wamp\www\yii\framework\web\CController.php(286): RegistrationController->runAction()
#3 C:\wamp\www\yii\framework\web\CController.php(265): RegistrationController->runActionWithFilters()
#4 C:\wamp\www\yii\framework\web\CWebApplication.php(282): RegistrationController->run()
#5 C:\wamp\www\yii\framework\web\CWebApplication.php(141): CWebApplication->runController()
#6 C:\wamp\www\yii\framework\base\CApplication.php(180): CWebApplication->processRequest()
#7 C:\wamp\www\project-new1\index.php(13): CWebApplication->run()
REQUEST_URI=/project-new1/index.php/user/registration
in C:\wamp\www\project-new1\protected\modules\user\UserModule.php (210)
in C:\wamp\www\project-new1\protected\modules\user\controllers\RegistrationController.php (58)
in C:\wamp\www\project-new1\index.php (13)
2014/12/20 12:39:04 [error] [php] mail(): Failed to connect to mailserver at &quot;smtp@gmail.com&quot; port 587, verify your &quot;SMTP&quot; and &quot;smtp_port&quot; setting in php.ini or use ini_set() (C:\wamp\www\project-new1\protected\modules\user\UserModule.php:210)
Stack trace:
#0 C:\wamp\www\yii\framework\web\actions\CInlineAction.php(49): RegistrationController->actionRegistration()
#1 C:\wamp\www\yii\framework\web\CController.php(308): CInlineAction->runWithParams()
#2 C:\wamp\www\yii\framework\web\CController.php(286): RegistrationController->runAction()
#3 C:\wamp\www\yii\framework\web\CController.php(265): RegistrationController->runActionWithFilters()
#4 C:\wamp\www\yii\framework\web\CWebApplication.php(282): RegistrationController->run()
#5 C:\wamp\www\yii\framework\web\CWebApplication.php(141): CWebApplication->runController()
#6 C:\wamp\www\yii\framework\base\CApplication.php(180): CWebApplication->processRequest()
#7 C:\wamp\www\project-new1\index.php(13): CWebApplication->run()
REQUEST_URI=/project-new1/index.php/user/registration
in C:\wamp\www\project-new1\protected\modules\user\UserModule.php (210)
in C:\wamp\www\project-new1\protected\modules\user\controllers\RegistrationController.php (58)
in C:\wamp\www\project-new1\index.php (13)
2014/12/20 12:47:54 [error] [php] mail(): Failed to connect to mailserver at &quot;smtp@gmail.com&quot; port 465, verify your &quot;SMTP&quot; and &quot;smtp_port&quot; setting in php.ini or use ini_set() (C:\wamp\www\project-new1\protected\modules\user\UserModule.php:210)
Stack trace:
#0 C:\wamp\www\yii\framework\web\actions\CInlineAction.php(49): RegistrationController->actionRegistration()
#1 C:\wamp\www\yii\framework\web\CController.php(308): CInlineAction->runWithParams()
#2 C:\wamp\www\yii\framework\web\CController.php(286): RegistrationController->runAction()
#3 C:\wamp\www\yii\framework\web\CController.php(265): RegistrationController->runActionWithFilters()
#4 C:\wamp\www\yii\framework\web\CWebApplication.php(282): RegistrationController->run()
#5 C:\wamp\www\yii\framework\web\CWebApplication.php(141): CWebApplication->runController()
#6 C:\wamp\www\yii\framework\base\CApplication.php(180): CWebApplication->processRequest()
#7 C:\wamp\www\project-new1\index.php(13): CWebApplication->run()
REQUEST_URI=/project-new1/index.php/user/registration
in C:\wamp\www\project-new1\protected\modules\user\UserModule.php (210)
in C:\wamp\www\project-new1\protected\modules\user\controllers\RegistrationController.php (58)
in C:\wamp\www\project-new1\index.php (13)
2014/12/20 13:15:48 [error] [system.db.CDbCommand] CDbCommand::execute() failed: SQLSTATE[23000]: Integrity constraint violation: 1062 Duplicate entry '3' for key 'PRIMARY'. The SQL statement executed was: INSERT INTO `tbl_profiles` (`lastname`, `firstname`, `birthday`, `user_id`) VALUES (:yp0, :yp1, :yp2, :yp3).
in C:\wamp\www\project-new1\protected\modules\user\controllers\RegistrationController.php (55)
in C:\wamp\www\project-new1\index.php (13)
2014/12/20 13:15:48 [error] [exception.CDbException] exception 'CDbException' with message 'CDbCommand failed to execute the SQL statement: SQLSTATE[23000]: Integrity constraint violation: 1062 Duplicate entry '3' for key 'PRIMARY'. The SQL statement executed was: INSERT INTO `tbl_profiles` (`lastname`, `firstname`, `birthday`, `user_id`) VALUES (:yp0, :yp1, :yp2, :yp3)' in C:\wamp\www\yii\framework\db\CDbCommand.php:358
Stack trace:
#0 C:\wamp\www\yii\framework\db\ar\CActiveRecord.php(1077): CDbCommand->execute()
#1 C:\wamp\www\yii\framework\db\ar\CActiveRecord.php(806): CActiveRecord->insert(NULL)
#2 C:\wamp\www\project-new1\protected\modules\user\controllers\RegistrationController.php(55): CActiveRecord->save()
#3 C:\wamp\www\yii\framework\web\actions\CInlineAction.php(49): RegistrationController->actionRegistration()
#4 C:\wamp\www\yii\framework\web\CController.php(308): CInlineAction->runWithParams(Array)
#5 C:\wamp\www\yii\framework\web\CController.php(286): CController->runAction(Object(CInlineAction))
#6 C:\wamp\www\yii\framework\web\CController.php(265): CController->runActionWithFilters(Object(CInlineAction), Array)
#7 C:\wamp\www\yii\framework\web\CWebApplication.php(282): CController->run('')
#8 C:\wamp\www\yii\framework\web\CWebApplication.php(141): CWebApplication->runController('user/registrati...')
#9 C:\wamp\www\yii\framework\base\CApplication.php(180): CWebApplication->processRequest()
#10 C:\wamp\www\project-new1\index.php(13): CApplication->run()
#11 {main}
REQUEST_URI=/project-new1/index.php/user/registration
HTTP_REFERER=http://localhost/project-new1/index.php/user/registration
---
2014/12/20 13:19:37 [error] [system.db.CDbCommand] CDbCommand::execute() failed: SQLSTATE[23000]: Integrity constraint violation: 1062 Duplicate entry '4' for key 'PRIMARY'. The SQL statement executed was: INSERT INTO `tbl_profiles` (`lastname`, `firstname`, `birthday`, `user_id`) VALUES (:yp0, :yp1, :yp2, :yp3).
in C:\wamp\www\project-new1\protected\modules\user\controllers\RegistrationController.php (55)
in C:\wamp\www\project-new1\index.php (13)
2014/12/20 13:19:37 [error] [exception.CDbException] exception 'CDbException' with message 'CDbCommand failed to execute the SQL statement: SQLSTATE[23000]: Integrity constraint violation: 1062 Duplicate entry '4' for key 'PRIMARY'. The SQL statement executed was: INSERT INTO `tbl_profiles` (`lastname`, `firstname`, `birthday`, `user_id`) VALUES (:yp0, :yp1, :yp2, :yp3)' in C:\wamp\www\yii\framework\db\CDbCommand.php:358
Stack trace:
#0 C:\wamp\www\yii\framework\db\ar\CActiveRecord.php(1077): CDbCommand->execute()
#1 C:\wamp\www\yii\framework\db\ar\CActiveRecord.php(806): CActiveRecord->insert(NULL)
#2 C:\wamp\www\project-new1\protected\modules\user\controllers\RegistrationController.php(55): CActiveRecord->save()
#3 C:\wamp\www\yii\framework\web\actions\CInlineAction.php(49): RegistrationController->actionRegistration()
#4 C:\wamp\www\yii\framework\web\CController.php(308): CInlineAction->runWithParams(Array)
#5 C:\wamp\www\yii\framework\web\CController.php(286): CController->runAction(Object(CInlineAction))
#6 C:\wamp\www\yii\framework\web\CController.php(265): CController->runActionWithFilters(Object(CInlineAction), Array)
#7 C:\wamp\www\yii\framework\web\CWebApplication.php(282): CController->run('')
#8 C:\wamp\www\yii\framework\web\CWebApplication.php(141): CWebApplication->runController('user/registrati...')
#9 C:\wamp\www\yii\framework\base\CApplication.php(180): CWebApplication->processRequest()
#10 C:\wamp\www\project-new1\index.php(13): CApplication->run()
#11 {main}
REQUEST_URI=/project-new1/index.php/user/registration
HTTP_REFERER=http://localhost/project-new1/index.php/user/registration
---
2014/12/20 13:20:22 [error] [system.db.CDbCommand] CDbCommand::execute() failed: SQLSTATE[23000]: Integrity constraint violation: 1062 Duplicate entry '5' for key 'PRIMARY'. The SQL statement executed was: INSERT INTO `tbl_profiles` (`lastname`, `firstname`, `birthday`, `user_id`) VALUES (:yp0, :yp1, :yp2, :yp3).
in C:\wamp\www\project-new1\protected\modules\user\controllers\RegistrationController.php (55)
in C:\wamp\www\project-new1\index.php (13)
2014/12/20 13:20:22 [error] [exception.CDbException] exception 'CDbException' with message 'CDbCommand failed to execute the SQL statement: SQLSTATE[23000]: Integrity constraint violation: 1062 Duplicate entry '5' for key 'PRIMARY'. The SQL statement executed was: INSERT INTO `tbl_profiles` (`lastname`, `firstname`, `birthday`, `user_id`) VALUES (:yp0, :yp1, :yp2, :yp3)' in C:\wamp\www\yii\framework\db\CDbCommand.php:358
Stack trace:
#0 C:\wamp\www\yii\framework\db\ar\CActiveRecord.php(1077): CDbCommand->execute()
#1 C:\wamp\www\yii\framework\db\ar\CActiveRecord.php(806): CActiveRecord->insert(NULL)
#2 C:\wamp\www\project-new1\protected\modules\user\controllers\RegistrationController.php(55): CActiveRecord->save()
#3 C:\wamp\www\yii\framework\web\actions\CInlineAction.php(49): RegistrationController->actionRegistration()
#4 C:\wamp\www\yii\framework\web\CController.php(308): CInlineAction->runWithParams(Array)
#5 C:\wamp\www\yii\framework\web\CController.php(286): CController->runAction(Object(CInlineAction))
#6 C:\wamp\www\yii\framework\web\CController.php(265): CController->runActionWithFilters(Object(CInlineAction), Array)
#7 C:\wamp\www\yii\framework\web\CWebApplication.php(282): CController->run('')
#8 C:\wamp\www\yii\framework\web\CWebApplication.php(141): CWebApplication->runController('user/registrati...')
#9 C:\wamp\www\yii\framework\base\CApplication.php(180): CWebApplication->processRequest()
#10 C:\wamp\www\project-new1\index.php(13): CApplication->run()
#11 {main}
REQUEST_URI=/project-new1/index.php/user/registration
HTTP_REFERER=http://localhost/project-new1/index.php/user/registration
---
2014/12/20 13:46:39 [error] [system.db.CDbCommand] CDbCommand::execute() failed: SQLSTATE[23000]: Integrity constraint violation: 1062 Duplicate entry '3' for key 'PRIMARY'. The SQL statement executed was: INSERT INTO `tbl_profiles` (`lastname`, `firstname`, `birthday`, `user_id`) VALUES (:yp0, :yp1, :yp2, :yp3).
in C:\wamp\www\project-new1\protected\modules\user\controllers\RegistrationController.php (55)
in C:\wamp\www\project-new1\index.php (13)
2014/12/20 13:46:39 [error] [exception.CDbException] exception 'CDbException' with message 'CDbCommand failed to execute the SQL statement: SQLSTATE[23000]: Integrity constraint violation: 1062 Duplicate entry '3' for key 'PRIMARY'. The SQL statement executed was: INSERT INTO `tbl_profiles` (`lastname`, `firstname`, `birthday`, `user_id`) VALUES (:yp0, :yp1, :yp2, :yp3)' in C:\wamp\www\yii\framework\db\CDbCommand.php:358
Stack trace:
#0 C:\wamp\www\yii\framework\db\ar\CActiveRecord.php(1077): CDbCommand->execute()
#1 C:\wamp\www\yii\framework\db\ar\CActiveRecord.php(806): CActiveRecord->insert(NULL)
#2 C:\wamp\www\project-new1\protected\modules\user\controllers\RegistrationController.php(55): CActiveRecord->save()
#3 C:\wamp\www\yii\framework\web\actions\CInlineAction.php(49): RegistrationController->actionRegistration()
#4 C:\wamp\www\yii\framework\web\CController.php(308): CInlineAction->runWithParams(Array)
#5 C:\wamp\www\yii\framework\web\CController.php(286): CController->runAction(Object(CInlineAction))
#6 C:\wamp\www\yii\framework\web\CController.php(265): CController->runActionWithFilters(Object(CInlineAction), Array)
#7 C:\wamp\www\yii\framework\web\CWebApplication.php(282): CController->run('')
#8 C:\wamp\www\yii\framework\web\CWebApplication.php(141): CWebApplication->runController('user/registrati...')
#9 C:\wamp\www\yii\framework\base\CApplication.php(180): CWebApplication->processRequest()
#10 C:\wamp\www\project-new1\index.php(13): CApplication->run()
#11 {main}
REQUEST_URI=/project-new1/index.php/user/registration
HTTP_REFERER=http://localhost/project-new1/index.php/user/registration
---
2014/12/23 17:47:12 [error] [system.db.CDbCommand] CDbCommand::fetchAll() failed: SQLSTATE[42S02]: Base table or view not found: 1146 Table 'odbc.tbl_users' doesn't exist. The SQL statement executed was: SHOW FULL COLUMNS FROM `tbl_users`.
in C:\wamp\www\project-new1\protected\modules\user\components\UserIdentity.php (27)
in C:\wamp\www\project-new1\protected\modules\user\components\UserIdentity.php (27)
in C:\wamp\www\project-new1\protected\modules\user\models\UserLogin.php (52)
2014/12/23 17:47:12 [error] [exception.CDbException] exception 'CDbException' with message 'The table "{{users}}" for active record class "User" cannot be found in the database.' in C:\wamp\www\yii\framework\db\ar\CActiveRecord.php:2362
Stack trace:
#0 C:\wamp\www\yii\framework\db\ar\CActiveRecord.php(411): CActiveRecordMetaData->__construct(Object(User))
#1 C:\wamp\www\yii\framework\db\ar\CActiveRecord.php(212): CActiveRecord->getMetaData()
#2 C:\wamp\www\project-new1\protected\modules\user\components\UserIdentity.php(27): CActiveRecord->__call('notsafe', Array)
#3 C:\wamp\www\project-new1\protected\modules\user\components\UserIdentity.php(27): User->notsafe()
#4 C:\wamp\www\project-new1\protected\modules\user\models\UserLogin.php(52): UserIdentity->authenticate()
#5 C:\wamp\www\yii\framework\validators\CInlineValidator.php(42): UserLogin->authenticate('password', Array)
#6 C:\wamp\www\yii\framework\validators\CValidator.php(213): CInlineValidator->validateAttribute(Object(UserLogin), 'password')
#7 C:\wamp\www\yii\framework\base\CModel.php(159): CValidator->validate(Object(UserLogin), NULL)
#8 C:\wamp\www\project-new1\protected\modules\user\controllers\LoginController.php(19): CModel->validate()
#9 C:\wamp\www\yii\framework\web\actions\CInlineAction.php(49): LoginController->actionLogin()
#10 C:\wamp\www\yii\framework\web\CController.php(308): CInlineAction->runWithParams(Array)
#11 C:\wamp\www\yii\framework\web\CController.php(286): CController->runAction(Object(CInlineAction))
#12 C:\wamp\www\yii\framework\web\CController.php(265): CController->runActionWithFilters(Object(CInlineAction), Array)
#13 C:\wamp\www\yii\framework\web\CWebApplication.php(282): CController->run('')
#14 C:\wamp\www\yii\framework\web\CWebApplication.php(141): CWebApplication->runController('user/login')
#15 C:\wamp\www\yii\framework\base\CApplication.php(180): CWebApplication->processRequest()
#16 C:\wamp\www\project-new1\index.php(13): CApplication->run()
#17 {main}
REQUEST_URI=/project-new1/index.php/user/login
HTTP_REFERER=http://localhost/project-new1/index.php/user/login
---
