2014/12/20 16:11:17 [error] [php] include(WebUser.php): failed to open stream: No such file or directory (C:\wamp\www\yii\framework\YiiBase.php:427)
Stack trace:
#0 C:\wamp\www\yii\framework\YiiBase.php(196): import()
#1 C:\wamp\www\yii\framework\base\CModule.php(386): createComponent()
#2 C:\wamp\www\yii\framework\base\CModule.php(103): CWebApplication->getComponent()
#3 C:\wamp\www\project-new2\protected\views\layouts\main.php(35): CWebApplication->__get()
#4 C:\wamp\www\yii\framework\web\CBaseController.php(126): require()
#5 C:\wamp\www\yii\framework\web\CBaseController.php(95): SiteController->renderInternal()
#6 C:\wamp\www\yii\framework\web\widgets\CContentDecorator.php(76): SiteController->renderFile()
#7 C:\wamp\www\yii\framework\web\widgets\CContentDecorator.php(54): CContentDecorator->decorate()
#8 C:\wamp\www\yii\framework\web\widgets\COutputProcessor.php(44): CContentDecorator->processOutput()
#9 C:\wamp\www\yii\framework\web\CBaseController.php(206): CContentDecorator->run()
#10 C:\wamp\www\yii\framework\web\CBaseController.php(300): SiteController->endWidget()
#11 C:\wamp\www\project-new2\protected\views\layouts\column1.php(6): SiteController->endContent()
#12 C:\wamp\www\yii\framework\web\CBaseController.php(126): require()
#13 C:\wamp\www\yii\framework\web\CBaseController.php(95): SiteController->renderInternal()
#14 C:\wamp\www\yii\framework\web\CController.php(784): SiteController->renderFile()
#15 C:\wamp\www\project-new2\protected\controllers\SiteController.php(32): SiteController->render()
#16 C:\wamp\www\yii\framework\web\actions\CInlineAction.php(49): SiteController->actionIndex()
#17 C:\wamp\www\yii\framework\web\CController.php(308): CInlineAction->runWithParams()
#18 C:\wamp\www\yii\framework\web\CController.php(286): SiteController->runAction()
#19 C:\wamp\www\yii\framework\web\CController.php(265): SiteController->runActionWithFilters()
#20 C:\wamp\www\yii\framework\web\CWebApplication.php(282): SiteController->run()
#21 C:\wamp\www\yii\framework\web\CWebApplication.php(141): CWebApplication->runController()
#22 C:\wamp\www\yii\framework\base\CApplication.php(180): CWebApplication->processRequest()
#23 C:\wamp\www\project-new2\index.php(13): CWebApplication->run()
REQUEST_URI=/project-new2/
in C:\wamp\www\project-new2\protected\views\layouts\main.php (35)
in C:\wamp\www\project-new2\protected\views\layouts\column1.php (6)
in C:\wamp\www\project-new2\protected\controllers\SiteController.php (32)
2014/12/20 16:52:33 [error] [system.db.CDbCommand] CDbCommand::fetchAll() failed: SQLSTATE[42S02]: Base table or view not found: 1146 Table 'odbc.{{users}}' doesn't exist. The SQL statement executed was: SHOW FULL COLUMNS FROM `{{users}}`.
in C:\wamp\www\project-new2\protected\modules\user\controllers\RegistrationController.php (25)
in C:\wamp\www\project-new2\index.php (13)
2014/12/20 16:52:33 [error] [exception.CDbException] exception 'CDbException' with message 'The table "{{users}}" for active record class "RegistrationForm" cannot be found in the database.' in C:\wamp\www\yii\framework\db\ar\CActiveRecord.php:2362
Stack trace:
#0 C:\wamp\www\yii\framework\db\ar\CActiveRecord.php(411): CActiveRecordMetaData->__construct(Object(RegistrationForm))
#1 C:\wamp\www\yii\framework\db\ar\CActiveRecord.php(79): CActiveRecord->getMetaData()
#2 C:\wamp\www\project-new2\protected\modules\user\controllers\RegistrationController.php(25): CActiveRecord->__construct()
#3 C:\wamp\www\yii\framework\web\actions\CInlineAction.php(49): RegistrationController->actionRegistration()
#4 C:\wamp\www\yii\framework\web\CController.php(308): CInlineAction->runWithParams(Array)
#5 C:\wamp\www\yii\framework\web\CController.php(286): CController->runAction(Object(CInlineAction))
#6 C:\wamp\www\yii\framework\web\CController.php(265): CController->runActionWithFilters(Object(CInlineAction), Array)
#7 C:\wamp\www\yii\framework\web\CWebApplication.php(282): CController->run('')
#8 C:\wamp\www\yii\framework\web\CWebApplication.php(141): CWebApplication->runController('user/registrati...')
#9 C:\wamp\www\yii\framework\base\CApplication.php(180): CWebApplication->processRequest()
#10 C:\wamp\www\project-new2\index.php(13): CApplication->run()
#11 {main}
REQUEST_URI=/project-new2/index.php?r=user/registration
HTTP_REFERER=http://localhost/project-new2/index.php?r=user/login
---
2014/12/20 16:53:29 [error] [system.db.CDbCommand] CDbCommand::fetchAll() failed: SQLSTATE[42S02]: Base table or view not found: 1146 Table 'odbc.{{users}}' doesn't exist. The SQL statement executed was: SHOW FULL COLUMNS FROM `{{users}}`.
in C:\wamp\www\project-new2\protected\modules\user\controllers\RegistrationController.php (25)
in C:\wamp\www\project-new2\index.php (13)
2014/12/20 16:53:29 [error] [exception.CDbException] exception 'CDbException' with message 'The table "{{users}}" for active record class "RegistrationForm" cannot be found in the database.' in C:\wamp\www\yii\framework\db\ar\CActiveRecord.php:2362
Stack trace:
#0 C:\wamp\www\yii\framework\db\ar\CActiveRecord.php(411): CActiveRecordMetaData->__construct(Object(RegistrationForm))
#1 C:\wamp\www\yii\framework\db\ar\CActiveRecord.php(79): CActiveRecord->getMetaData()
#2 C:\wamp\www\project-new2\protected\modules\user\controllers\RegistrationController.php(25): CActiveRecord->__construct()
#3 C:\wamp\www\yii\framework\web\actions\CInlineAction.php(49): RegistrationController->actionRegistration()
#4 C:\wamp\www\yii\framework\web\CController.php(308): CInlineAction->runWithParams(Array)
#5 C:\wamp\www\yii\framework\web\CController.php(286): CController->runAction(Object(CInlineAction))
#6 C:\wamp\www\yii\framework\web\CController.php(265): CController->runActionWithFilters(Object(CInlineAction), Array)
#7 C:\wamp\www\yii\framework\web\CWebApplication.php(282): CController->run('')
#8 C:\wamp\www\yii\framework\web\CWebApplication.php(141): CWebApplication->runController('user/registrati...')
#9 C:\wamp\www\yii\framework\base\CApplication.php(180): CWebApplication->processRequest()
#10 C:\wamp\www\project-new2\index.php(13): CApplication->run()
#11 {main}
REQUEST_URI=/project-new2/index.php?r=user/registration
HTTP_REFERER=http://localhost/project-new2/index.php?r=user/login
---
2014/12/20 16:53:33 [error] [system.db.CDbCommand] CDbCommand::fetchAll() failed: SQLSTATE[42S02]: Base table or view not found: 1146 Table 'odbc.{{users}}' doesn't exist. The SQL statement executed was: SHOW FULL COLUMNS FROM `{{users}}`.
in C:\wamp\www\project-new2\protected\modules\user\controllers\RegistrationController.php (25)
in C:\wamp\www\project-new2\index.php (13)
2014/12/20 16:53:33 [error] [exception.CDbException] exception 'CDbException' with message 'The table "{{users}}" for active record class "RegistrationForm" cannot be found in the database.' in C:\wamp\www\yii\framework\db\ar\CActiveRecord.php:2362
Stack trace:
#0 C:\wamp\www\yii\framework\db\ar\CActiveRecord.php(411): CActiveRecordMetaData->__construct(Object(RegistrationForm))
#1 C:\wamp\www\yii\framework\db\ar\CActiveRecord.php(79): CActiveRecord->getMetaData()
#2 C:\wamp\www\project-new2\protected\modules\user\controllers\RegistrationController.php(25): CActiveRecord->__construct()
#3 C:\wamp\www\yii\framework\web\actions\CInlineAction.php(49): RegistrationController->actionRegistration()
#4 C:\wamp\www\yii\framework\web\CController.php(308): CInlineAction->runWithParams(Array)
#5 C:\wamp\www\yii\framework\web\CController.php(286): CController->runAction(Object(CInlineAction))
#6 C:\wamp\www\yii\framework\web\CController.php(265): CController->runActionWithFilters(Object(CInlineAction), Array)
#7 C:\wamp\www\yii\framework\web\CWebApplication.php(282): CController->run('')
#8 C:\wamp\www\yii\framework\web\CWebApplication.php(141): CWebApplication->runController('user/registrati...')
#9 C:\wamp\www\yii\framework\base\CApplication.php(180): CWebApplication->processRequest()
#10 C:\wamp\www\project-new2\index.php(13): CApplication->run()
#11 {main}
REQUEST_URI=/project-new2/index.php?r=user/registration
HTTP_REFERER=http://localhost/project-new2/index.php?r=user/login
---
2014/12/20 16:55:00 [error] [system.db.CDbCommand] CDbCommand::fetchAll() failed: SQLSTATE[42S02]: Base table or view not found: 1146 Table 'odbc.{{users}}' doesn't exist. The SQL statement executed was: SHOW FULL COLUMNS FROM `{{users}}`.
in C:\wamp\www\project-new2\protected\modules\user\controllers\RegistrationController.php (25)
in C:\wamp\www\project-new2\index.php (13)
2014/12/20 16:55:00 [error] [exception.CDbException] exception 'CDbException' with message 'The table "{{users}}" for active record class "RegistrationForm" cannot be found in the database.' in C:\wamp\www\yii\framework\db\ar\CActiveRecord.php:2362
Stack trace:
#0 C:\wamp\www\yii\framework\db\ar\CActiveRecord.php(411): CActiveRecordMetaData->__construct(Object(RegistrationForm))
#1 C:\wamp\www\yii\framework\db\ar\CActiveRecord.php(79): CActiveRecord->getMetaData()
#2 C:\wamp\www\project-new2\protected\modules\user\controllers\RegistrationController.php(25): CActiveRecord->__construct()
#3 C:\wamp\www\yii\framework\web\actions\CInlineAction.php(49): RegistrationController->actionRegistration()
#4 C:\wamp\www\yii\framework\web\CController.php(308): CInlineAction->runWithParams(Array)
#5 C:\wamp\www\yii\framework\web\CController.php(286): CController->runAction(Object(CInlineAction))
#6 C:\wamp\www\yii\framework\web\CController.php(265): CController->runActionWithFilters(Object(CInlineAction), Array)
#7 C:\wamp\www\yii\framework\web\CWebApplication.php(282): CController->run('')
#8 C:\wamp\www\yii\framework\web\CWebApplication.php(141): CWebApplication->runController('user/registrati...')
#9 C:\wamp\www\yii\framework\base\CApplication.php(180): CWebApplication->processRequest()
#10 C:\wamp\www\project-new2\index.php(13): CApplication->run()
#11 {main}
REQUEST_URI=/project-new2/index.php?r=user/registration
HTTP_REFERER=http://localhost/project-new2/index.php?r=user/login
---
2014/12/20 16:55:36 [error] [system.db.CDbCommand] CDbCommand::fetchAll() failed: SQLSTATE[42S02]: Base table or view not found: 1146 Table 'odbc.{{users}}' doesn't exist. The SQL statement executed was: SHOW FULL COLUMNS FROM `{{users}}`.
in C:\wamp\www\project-new2\protected\modules\user\controllers\RegistrationController.php (25)
in C:\wamp\www\project-new2\index.php (13)
2014/12/20 16:55:36 [error] [exception.CDbException] exception 'CDbException' with message 'The table "{{users}}" for active record class "RegistrationForm" cannot be found in the database.' in C:\wamp\www\yii\framework\db\ar\CActiveRecord.php:2362
Stack trace:
#0 C:\wamp\www\yii\framework\db\ar\CActiveRecord.php(411): CActiveRecordMetaData->__construct(Object(RegistrationForm))
#1 C:\wamp\www\yii\framework\db\ar\CActiveRecord.php(79): CActiveRecord->getMetaData()
#2 C:\wamp\www\project-new2\protected\modules\user\controllers\RegistrationController.php(25): CActiveRecord->__construct()
#3 C:\wamp\www\yii\framework\web\actions\CInlineAction.php(49): RegistrationController->actionRegistration()
#4 C:\wamp\www\yii\framework\web\CController.php(308): CInlineAction->runWithParams(Array)
#5 C:\wamp\www\yii\framework\web\CController.php(286): CController->runAction(Object(CInlineAction))
#6 C:\wamp\www\yii\framework\web\CController.php(265): CController->runActionWithFilters(Object(CInlineAction), Array)
#7 C:\wamp\www\yii\framework\web\CWebApplication.php(282): CController->run('')
#8 C:\wamp\www\yii\framework\web\CWebApplication.php(141): CWebApplication->runController('user/registrati...')
#9 C:\wamp\www\yii\framework\base\CApplication.php(180): CWebApplication->processRequest()
#10 C:\wamp\www\project-new2\index.php(13): CApplication->run()
#11 {main}
REQUEST_URI=/project-new2/index.php?r=user/registration
HTTP_REFERER=http://localhost/project-new2/index.php?r=user/login
---
2014/12/20 16:56:31 [error] [system.db.CDbCommand] CDbCommand::fetchAll() failed: SQLSTATE[42S02]: Base table or view not found: 1146 Table 'odbc.tbl_migration' doesn't exist. The SQL statement executed was: SHOW FULL COLUMNS FROM `tbl_migration`.
2014/12/20 16:56:42 [error] [system.db.CDbCommand] CDbCommand::fetchAll() failed: SQLSTATE[42S02]: Base table or view not found: 1146 Table 'odbc.{{users}}' doesn't exist. The SQL statement executed was: SHOW FULL COLUMNS FROM `{{users}}`.
in C:\wamp\www\project-new2\protected\modules\user\controllers\RegistrationController.php (25)
in C:\wamp\www\project-new2\index.php (13)
2014/12/20 16:56:42 [error] [exception.CDbException] exception 'CDbException' with message 'The table "{{users}}" for active record class "RegistrationForm" cannot be found in the database.' in C:\wamp\www\yii\framework\db\ar\CActiveRecord.php:2362
Stack trace:
#0 C:\wamp\www\yii\framework\db\ar\CActiveRecord.php(411): CActiveRecordMetaData->__construct(Object(RegistrationForm))
#1 C:\wamp\www\yii\framework\db\ar\CActiveRecord.php(79): CActiveRecord->getMetaData()
#2 C:\wamp\www\project-new2\protected\modules\user\controllers\RegistrationController.php(25): CActiveRecord->__construct()
#3 C:\wamp\www\yii\framework\web\actions\CInlineAction.php(49): RegistrationController->actionRegistration()
#4 C:\wamp\www\yii\framework\web\CController.php(308): CInlineAction->runWithParams(Array)
#5 C:\wamp\www\yii\framework\web\CController.php(286): CController->runAction(Object(CInlineAction))
#6 C:\wamp\www\yii\framework\web\CController.php(265): CController->runActionWithFilters(Object(CInlineAction), Array)
#7 C:\wamp\www\yii\framework\web\CWebApplication.php(282): CController->run('')
#8 C:\wamp\www\yii\framework\web\CWebApplication.php(141): CWebApplication->runController('user/registrati...')
#9 C:\wamp\www\yii\framework\base\CApplication.php(180): CWebApplication->processRequest()
#10 C:\wamp\www\project-new2\index.php(13): CApplication->run()
#11 {main}
REQUEST_URI=/project-new2/index.php?r=user/registration
HTTP_REFERER=http://localhost/project-new2/index.php?r=user/login
---
2014/12/20 16:57:00 [error] [system.db.CDbCommand] CDbCommand::fetchAll() failed: SQLSTATE[42S02]: Base table or view not found: 1146 Table 'odbc.{{users}}' doesn't exist. The SQL statement executed was: SHOW FULL COLUMNS FROM `{{users}}`.
in C:\wamp\www\project-new2\protected\modules\user\controllers\RegistrationController.php (25)
in C:\wamp\www\project-new2\index.php (13)
2014/12/20 16:57:00 [error] [exception.CDbException] exception 'CDbException' with message 'The table "{{users}}" for active record class "RegistrationForm" cannot be found in the database.' in C:\wamp\www\yii\framework\db\ar\CActiveRecord.php:2362
Stack trace:
#0 C:\wamp\www\yii\framework\db\ar\CActiveRecord.php(411): CActiveRecordMetaData->__construct(Object(RegistrationForm))
#1 C:\wamp\www\yii\framework\db\ar\CActiveRecord.php(79): CActiveRecord->getMetaData()
#2 C:\wamp\www\project-new2\protected\modules\user\controllers\RegistrationController.php(25): CActiveRecord->__construct()
#3 C:\wamp\www\yii\framework\web\actions\CInlineAction.php(49): RegistrationController->actionRegistration()
#4 C:\wamp\www\yii\framework\web\CController.php(308): CInlineAction->runWithParams(Array)
#5 C:\wamp\www\yii\framework\web\CController.php(286): CController->runAction(Object(CInlineAction))
#6 C:\wamp\www\yii\framework\web\CController.php(265): CController->runActionWithFilters(Object(CInlineAction), Array)
#7 C:\wamp\www\yii\framework\web\CWebApplication.php(282): CController->run('')
#8 C:\wamp\www\yii\framework\web\CWebApplication.php(141): CWebApplication->runController('user/registrati...')
#9 C:\wamp\www\yii\framework\base\CApplication.php(180): CWebApplication->processRequest()
#10 C:\wamp\www\project-new2\index.php(13): CApplication->run()
#11 {main}
REQUEST_URI=/project-new2/index.php?r=user/registration
HTTP_REFERER=http://localhost/project-new2/
---
2014/12/20 16:57:35 [error] [system.db.CDbCommand] CDbCommand::fetchAll() failed: SQLSTATE[42S02]: Base table or view not found: 1146 Table 'odbc.{{users}}' doesn't exist. The SQL statement executed was: SHOW FULL COLUMNS FROM `{{users}}`.
in C:\wamp\www\project-new2\protected\modules\user\components\UserIdentity.php (27)
in C:\wamp\www\project-new2\protected\modules\user\components\UserIdentity.php (27)
in C:\wamp\www\project-new2\protected\modules\user\models\UserLogin.php (52)
2014/12/20 16:57:35 [error] [exception.CDbException] exception 'CDbException' with message 'The table "{{users}}" for active record class "User" cannot be found in the database.' in C:\wamp\www\yii\framework\db\ar\CActiveRecord.php:2362
Stack trace:
#0 C:\wamp\www\yii\framework\db\ar\CActiveRecord.php(411): CActiveRecordMetaData->__construct(Object(User))
#1 C:\wamp\www\yii\framework\db\ar\CActiveRecord.php(212): CActiveRecord->getMetaData()
#2 C:\wamp\www\project-new2\protected\modules\user\components\UserIdentity.php(27): CActiveRecord->__call('notsafe', Array)
#3 C:\wamp\www\project-new2\protected\modules\user\components\UserIdentity.php(27): User->notsafe()
#4 C:\wamp\www\project-new2\protected\modules\user\models\UserLogin.php(52): UserIdentity->authenticate()
#5 C:\wamp\www\yii\framework\validators\CInlineValidator.php(42): UserLogin->authenticate('password', Array)
#6 C:\wamp\www\yii\framework\validators\CValidator.php(213): CInlineValidator->validateAttribute(Object(UserLogin), 'password')
#7 C:\wamp\www\yii\framework\base\CModel.php(159): CValidator->validate(Object(UserLogin), NULL)
#8 C:\wamp\www\project-new2\protected\modules\user\controllers\LoginController.php(19): CModel->validate()
#9 C:\wamp\www\yii\framework\web\actions\CInlineAction.php(49): LoginController->actionLogin()
#10 C:\wamp\www\yii\framework\web\CController.php(308): CInlineAction->runWithParams(Array)
#11 C:\wamp\www\yii\framework\web\CController.php(286): CController->runAction(Object(CInlineAction))
#12 C:\wamp\www\yii\framework\web\CController.php(265): CController->runActionWithFilters(Object(CInlineAction), Array)
#13 C:\wamp\www\yii\framework\web\CWebApplication.php(282): CController->run('')
#14 C:\wamp\www\yii\framework\web\CWebApplication.php(141): CWebApplication->runController('user/login')
#15 C:\wamp\www\yii\framework\base\CApplication.php(180): CWebApplication->processRequest()
#16 C:\wamp\www\project-new2\index.php(13): CApplication->run()
#17 {main}
REQUEST_URI=/project-new2/index.php?r=user/login
HTTP_REFERER=http://localhost/project-new2/index.php?r=user/login
---
2014/12/20 16:59:00 [error] [system.db.CDbCommand] CDbCommand::fetchAll() failed: SQLSTATE[42S02]: Base table or view not found: 1146 Table 'odbc.{{users}}' doesn't exist. The SQL statement executed was: SHOW FULL COLUMNS FROM `{{users}}`.
in C:\wamp\www\project-new2\protected\modules\user\controllers\RegistrationController.php (25)
in C:\wamp\www\project-new2\index.php (13)
2014/12/20 16:59:00 [error] [exception.CDbException] exception 'CDbException' with message 'The table "{{users}}" for active record class "RegistrationForm" cannot be found in the database.' in C:\wamp\www\yii\framework\db\ar\CActiveRecord.php:2362
Stack trace:
#0 C:\wamp\www\yii\framework\db\ar\CActiveRecord.php(411): CActiveRecordMetaData->__construct(Object(RegistrationForm))
#1 C:\wamp\www\yii\framework\db\ar\CActiveRecord.php(79): CActiveRecord->getMetaData()
#2 C:\wamp\www\project-new2\protected\modules\user\controllers\RegistrationController.php(25): CActiveRecord->__construct()
#3 C:\wamp\www\yii\framework\web\actions\CInlineAction.php(49): RegistrationController->actionRegistration()
#4 C:\wamp\www\yii\framework\web\CController.php(308): CInlineAction->runWithParams(Array)
#5 C:\wamp\www\yii\framework\web\CController.php(286): CController->runAction(Object(CInlineAction))
#6 C:\wamp\www\yii\framework\web\CController.php(265): CController->runActionWithFilters(Object(CInlineAction), Array)
#7 C:\wamp\www\yii\framework\web\CWebApplication.php(282): CController->run('')
#8 C:\wamp\www\yii\framework\web\CWebApplication.php(141): CWebApplication->runController('user/registrati...')
#9 C:\wamp\www\yii\framework\base\CApplication.php(180): CWebApplication->processRequest()
#10 C:\wamp\www\project-new2\index.php(13): CApplication->run()
#11 {main}
REQUEST_URI=/project-new2/index.php?r=user/registration
HTTP_REFERER=http://localhost/project-new2/index.php?r=user/login
---
2014/12/20 16:59:18 [error] [system.db.CDbCommand] CDbCommand::fetchAll() failed: SQLSTATE[42S02]: Base table or view not found: 1146 Table 'odbc.{{users}}' doesn't exist. The SQL statement executed was: SHOW FULL COLUMNS FROM `{{users}}`.
in C:\wamp\www\project-new2\protected\modules\user\controllers\RegistrationController.php (25)
in C:\wamp\www\project-new2\index.php (13)
2014/12/20 16:59:18 [error] [exception.CDbException] exception 'CDbException' with message 'The table "{{users}}" for active record class "RegistrationForm" cannot be found in the database.' in C:\wamp\www\yii\framework\db\ar\CActiveRecord.php:2362
Stack trace:
#0 C:\wamp\www\yii\framework\db\ar\CActiveRecord.php(411): CActiveRecordMetaData->__construct(Object(RegistrationForm))
#1 C:\wamp\www\yii\framework\db\ar\CActiveRecord.php(79): CActiveRecord->getMetaData()
#2 C:\wamp\www\project-new2\protected\modules\user\controllers\RegistrationController.php(25): CActiveRecord->__construct()
#3 C:\wamp\www\yii\framework\web\actions\CInlineAction.php(49): RegistrationController->actionRegistration()
#4 C:\wamp\www\yii\framework\web\CController.php(308): CInlineAction->runWithParams(Array)
#5 C:\wamp\www\yii\framework\web\CController.php(286): CController->runAction(Object(CInlineAction))
#6 C:\wamp\www\yii\framework\web\CController.php(265): CController->runActionWithFilters(Object(CInlineAction), Array)
#7 C:\wamp\www\yii\framework\web\CWebApplication.php(282): CController->run('')
#8 C:\wamp\www\yii\framework\web\CWebApplication.php(141): CWebApplication->runController('user/registrati...')
#9 C:\wamp\www\yii\framework\base\CApplication.php(180): CWebApplication->processRequest()
#10 C:\wamp\www\project-new2\index.php(13): CApplication->run()
#11 {main}
REQUEST_URI=/project-new2/index.php?r=user/registration
HTTP_REFERER=http://localhost/project-new2/
---
2014/12/20 17:01:09 [error] [php] mail(): SMTP server response: 530 5.7.0 Must issue a STARTTLS command first. or10sm12716968pbc.83 - gsmtp (C:\wamp\www\project-new2\protected\modules\user\UserModule.php:210)
Stack trace:
#0 C:\wamp\www\yii\framework\web\actions\CInlineAction.php(49): RegistrationController->actionRegistration()
#1 C:\wamp\www\yii\framework\web\CController.php(308): CInlineAction->runWithParams()
#2 C:\wamp\www\yii\framework\web\CController.php(286): RegistrationController->runAction()
#3 C:\wamp\www\yii\framework\web\CController.php(265): RegistrationController->runActionWithFilters()
#4 C:\wamp\www\yii\framework\web\CWebApplication.php(282): RegistrationController->run()
#5 C:\wamp\www\yii\framework\web\CWebApplication.php(141): CWebApplication->runController()
#6 C:\wamp\www\yii\framework\base\CApplication.php(180): CWebApplication->processRequest()
#7 C:\wamp\www\project-new2\index.php(13): CWebApplication->run()
REQUEST_URI=/project-new2/index.php?r=user/registration
in C:\wamp\www\project-new2\protected\modules\user\UserModule.php (210)
in C:\wamp\www\project-new2\protected\modules\user\controllers\RegistrationController.php (58)
in C:\wamp\www\project-new2\index.php (13)
2014/12/20 17:06:01 [error] [php] mail(): SMTP server response: 530 5.7.0 Must issue a STARTTLS command first. zo4sm12847266pac.33 - gsmtp (C:\wamp\www\project-new2\protected\modules\user\UserModule.php:210)
Stack trace:
#0 C:\wamp\www\yii\framework\web\actions\CInlineAction.php(49): RegistrationController->actionRegistration()
#1 C:\wamp\www\yii\framework\web\CController.php(308): CInlineAction->runWithParams()
#2 C:\wamp\www\yii\framework\web\CController.php(286): RegistrationController->runAction()
#3 C:\wamp\www\yii\framework\web\CController.php(265): RegistrationController->runActionWithFilters()
#4 C:\wamp\www\yii\framework\web\CWebApplication.php(282): RegistrationController->run()
#5 C:\wamp\www\yii\framework\web\CWebApplication.php(141): CWebApplication->runController()
#6 C:\wamp\www\yii\framework\base\CApplication.php(180): CWebApplication->processRequest()
#7 C:\wamp\www\project-new2\index.php(13): CWebApplication->run()
REQUEST_URI=/project-new2/index.php?r=user/registration
in C:\wamp\www\project-new2\protected\modules\user\UserModule.php (210)
in C:\wamp\www\project-new2\protected\modules\user\controllers\RegistrationController.php (58)
in C:\wamp\www\project-new2\index.php (13)
2014/12/20 17:10:13 [error] [php] mail(): SMTP server response: 530 5.7.0 Must issue a STARTTLS command first. hc10sm12742096pbd.78 - gsmtp (C:\wamp\www\project-new2\protected\modules\user\UserModule.php:210)
Stack trace:
#0 C:\wamp\www\yii\framework\web\actions\CInlineAction.php(49): RegistrationController->actionRegistration()
#1 C:\wamp\www\yii\framework\web\CController.php(308): CInlineAction->runWithParams()
#2 C:\wamp\www\yii\framework\web\CController.php(286): RegistrationController->runAction()
#3 C:\wamp\www\yii\framework\web\CController.php(265): RegistrationController->runActionWithFilters()
#4 C:\wamp\www\yii\framework\web\CWebApplication.php(282): RegistrationController->run()
#5 C:\wamp\www\yii\framework\web\CWebApplication.php(141): CWebApplication->runController()
#6 C:\wamp\www\yii\framework\base\CApplication.php(180): CWebApplication->processRequest()
#7 C:\wamp\www\project-new2\index.php(13): CWebApplication->run()
REQUEST_URI=/project-new2/index.php?r=user/registration
in C:\wamp\www\project-new2\protected\modules\user\UserModule.php (210)
in C:\wamp\www\project-new2\protected\modules\user\controllers\RegistrationController.php (58)
in C:\wamp\www\project-new2\index.php (13)
2014/12/20 17:18:37 [error] [php] mail(): Failed to connect to mailserver at &quot;ssl://smtp.gmail.com&quot; port 465, verify your &quot;SMTP&quot; and &quot;smtp_port&quot; setting in php.ini or use ini_set() (C:\wamp\www\project-new2\protected\modules\user\UserModule.php:210)
Stack trace:
#0 C:\wamp\www\yii\framework\web\actions\CInlineAction.php(49): RegistrationController->actionRegistration()
#1 C:\wamp\www\yii\framework\web\CController.php(308): CInlineAction->runWithParams()
#2 C:\wamp\www\yii\framework\web\CController.php(286): RegistrationController->runAction()
#3 C:\wamp\www\yii\framework\web\CController.php(265): RegistrationController->runActionWithFilters()
#4 C:\wamp\www\yii\framework\web\CWebApplication.php(282): RegistrationController->run()
#5 C:\wamp\www\yii\framework\web\CWebApplication.php(141): CWebApplication->runController()
#6 C:\wamp\www\yii\framework\base\CApplication.php(180): CWebApplication->processRequest()
#7 C:\wamp\www\project-new2\index.php(13): CWebApplication->run()
REQUEST_URI=/project-new2/index.php?r=user/registration
in C:\wamp\www\project-new2\protected\modules\user\UserModule.php (210)
in C:\wamp\www\project-new2\protected\modules\user\controllers\RegistrationController.php (58)
in C:\wamp\www\project-new2\index.php (13)
2014/12/20 17:19:41 [error] [php] mail(): Failed to connect to mailserver at &quot;ssl://smtp.gmail.com&quot; port 465, verify your &quot;SMTP&quot; and &quot;smtp_port&quot; setting in php.ini or use ini_set() (C:\wamp\www\project-new2\protected\modules\user\UserModule.php:210)
Stack trace:
#0 C:\wamp\www\yii\framework\web\actions\CInlineAction.php(49): RegistrationController->actionRegistration()
#1 C:\wamp\www\yii\framework\web\CController.php(308): CInlineAction->runWithParams()
#2 C:\wamp\www\yii\framework\web\CController.php(286): RegistrationController->runAction()
#3 C:\wamp\www\yii\framework\web\CController.php(265): RegistrationController->runActionWithFilters()
#4 C:\wamp\www\yii\framework\web\CWebApplication.php(282): RegistrationController->run()
#5 C:\wamp\www\yii\framework\web\CWebApplication.php(141): CWebApplication->runController()
#6 C:\wamp\www\yii\framework\base\CApplication.php(180): CWebApplication->processRequest()
#7 C:\wamp\www\project-new2\index.php(13): CWebApplication->run()
REQUEST_URI=/project-new2/index.php?r=user/registration
in C:\wamp\www\project-new2\protected\modules\user\UserModule.php (210)
in C:\wamp\www\project-new2\protected\modules\user\controllers\RegistrationController.php (58)
in C:\wamp\www\project-new2\index.php (13)
2014/12/20 17:20:49 [error] [php] mail(): Failed to connect to mailserver at &quot;ssl://smtp.gmail.com&quot; port 587, verify your &quot;SMTP&quot; and &quot;smtp_port&quot; setting in php.ini or use ini_set() (C:\wamp\www\project-new2\protected\modules\user\UserModule.php:210)
Stack trace:
#0 C:\wamp\www\yii\framework\web\actions\CInlineAction.php(49): RegistrationController->actionRegistration()
#1 C:\wamp\www\yii\framework\web\CController.php(308): CInlineAction->runWithParams()
#2 C:\wamp\www\yii\framework\web\CController.php(286): RegistrationController->runAction()
#3 C:\wamp\www\yii\framework\web\CController.php(265): RegistrationController->runActionWithFilters()
#4 C:\wamp\www\yii\framework\web\CWebApplication.php(282): RegistrationController->run()
#5 C:\wamp\www\yii\framework\web\CWebApplication.php(141): CWebApplication->runController()
#6 C:\wamp\www\yii\framework\base\CApplication.php(180): CWebApplication->processRequest()
#7 C:\wamp\www\project-new2\index.php(13): CWebApplication->run()
REQUEST_URI=/project-new2/index.php?r=user/registration
in C:\wamp\www\project-new2\protected\modules\user\UserModule.php (210)
in C:\wamp\www\project-new2\protected\modules\user\controllers\RegistrationController.php (58)
in C:\wamp\www\project-new2\index.php (13)
2014/12/23 15:25:05 [error] [system.db.CDbCommand] CDbCommand::fetchAll() failed: SQLSTATE[42S02]: Base table or view not found: 1146 Table 'odbc.tbl_users' doesn't exist. The SQL statement executed was: SHOW FULL COLUMNS FROM `tbl_users`.
in C:\wamp\www\project-new2\protected\modules\user\controllers\RegistrationController.php (25)
in C:\wamp\www\project-new2\index.php (13)
2014/12/23 15:25:05 [error] [exception.CDbException] exception 'CDbException' with message 'The table "{{users}}" for active record class "RegistrationForm" cannot be found in the database.' in C:\wamp\www\yii\framework\db\ar\CActiveRecord.php:2362
Stack trace:
#0 C:\wamp\www\yii\framework\db\ar\CActiveRecord.php(411): CActiveRecordMetaData->__construct(Object(RegistrationForm))
#1 C:\wamp\www\yii\framework\db\ar\CActiveRecord.php(79): CActiveRecord->getMetaData()
#2 C:\wamp\www\project-new2\protected\modules\user\controllers\RegistrationController.php(25): CActiveRecord->__construct()
#3 C:\wamp\www\yii\framework\web\actions\CInlineAction.php(49): RegistrationController->actionRegistration()
#4 C:\wamp\www\yii\framework\web\CController.php(308): CInlineAction->runWithParams(Array)
#5 C:\wamp\www\yii\framework\web\CController.php(286): CController->runAction(Object(CInlineAction))
#6 C:\wamp\www\yii\framework\web\CController.php(265): CController->runActionWithFilters(Object(CInlineAction), Array)
#7 C:\wamp\www\yii\framework\web\CWebApplication.php(282): CController->run('')
#8 C:\wamp\www\yii\framework\web\CWebApplication.php(141): CWebApplication->runController('user/registrati...')
#9 C:\wamp\www\yii\framework\base\CApplication.php(180): CWebApplication->processRequest()
#10 C:\wamp\www\project-new2\index.php(13): CApplication->run()
#11 {main}
REQUEST_URI=/project-new2/index.php?r=user/registration
HTTP_REFERER=http://localhost/project-new2/index.php?r=user/login
---
2014/12/23 15:25:26 [error] [system.db.CDbCommand] CDbCommand::fetchAll() failed: SQLSTATE[42S02]: Base table or view not found: 1146 Table 'odbc.tbl_users' doesn't exist. The SQL statement executed was: SHOW FULL COLUMNS FROM `tbl_users`.
in C:\wamp\www\project-new2\protected\modules\user\components\UserIdentity.php (27)
in C:\wamp\www\project-new2\protected\modules\user\components\UserIdentity.php (27)
in C:\wamp\www\project-new2\protected\modules\user\models\UserLogin.php (52)
2014/12/23 15:25:26 [error] [exception.CDbException] exception 'CDbException' with message 'The table "{{users}}" for active record class "User" cannot be found in the database.' in C:\wamp\www\yii\framework\db\ar\CActiveRecord.php:2362
Stack trace:
#0 C:\wamp\www\yii\framework\db\ar\CActiveRecord.php(411): CActiveRecordMetaData->__construct(Object(User))
#1 C:\wamp\www\yii\framework\db\ar\CActiveRecord.php(212): CActiveRecord->getMetaData()
#2 C:\wamp\www\project-new2\protected\modules\user\components\UserIdentity.php(27): CActiveRecord->__call('notsafe', Array)
#3 C:\wamp\www\project-new2\protected\modules\user\components\UserIdentity.php(27): User->notsafe()
#4 C:\wamp\www\project-new2\protected\modules\user\models\UserLogin.php(52): UserIdentity->authenticate()
#5 C:\wamp\www\yii\framework\validators\CInlineValidator.php(42): UserLogin->authenticate('password', Array)
#6 C:\wamp\www\yii\framework\validators\CValidator.php(213): CInlineValidator->validateAttribute(Object(UserLogin), 'password')
#7 C:\wamp\www\yii\framework\base\CModel.php(159): CValidator->validate(Object(UserLogin), NULL)
#8 C:\wamp\www\project-new2\protected\modules\user\controllers\LoginController.php(19): CModel->validate()
#9 C:\wamp\www\yii\framework\web\actions\CInlineAction.php(49): LoginController->actionLogin()
#10 C:\wamp\www\yii\framework\web\CController.php(308): CInlineAction->runWithParams(Array)
#11 C:\wamp\www\yii\framework\web\CController.php(286): CController->runAction(Object(CInlineAction))
#12 C:\wamp\www\yii\framework\web\CController.php(265): CController->runActionWithFilters(Object(CInlineAction), Array)
#13 C:\wamp\www\yii\framework\web\CWebApplication.php(282): CController->run('')
#14 C:\wamp\www\yii\framework\web\CWebApplication.php(141): CWebApplication->runController('user/login')
#15 C:\wamp\www\yii\framework\base\CApplication.php(180): CWebApplication->processRequest()
#16 C:\wamp\www\project-new2\index.php(13): CApplication->run()
#17 {main}
REQUEST_URI=/project-new2/index.php?r=user/login
HTTP_REFERER=http://localhost/project-new2/index.php?r=user/login
---
