2014/12/21 18:23:17 [error] [exception.CHttpException.404] exception 'CHttpException' with message 'The system is unable to find the requested action "index".' in C:\wamp\www\yii\framework\web\CController.php:483
Stack trace:
#0 C:\wamp\www\yii\framework\web\CController.php(270): CController->missingAction('')
#1 C:\wamp\www\yii\framework\web\CWebApplication.php(282): CController->run('')
#2 C:\wamp\www\yii\framework\web\CWebApplication.php(141): CWebApplication->runController('trial')
#3 C:\wamp\www\yii\framework\base\CApplication.php(180): CWebApplication->processRequest()
#4 C:\wamp\www\bc\index.php(13): CApplication->run()
#5 {main}
REQUEST_URI=/bc/index.php?r=trial
HTTP_REFERER=http://localhost/bc/index.php?r=gii/controller/index
---
2014/12/21 18:27:11 [error] [exception.CHttpException.404] exception 'CHttpException' with message 'The system is unable to find the requested action "hello".' in C:\wamp\www\yii\framework\web\CController.php:483
Stack trace:
#0 C:\wamp\www\yii\framework\web\CController.php(270): CController->missingAction('hello')
#1 C:\wamp\www\yii\framework\web\CWebApplication.php(282): CController->run('hello')
#2 C:\wamp\www\yii\framework\web\CWebApplication.php(141): CWebApplication->runController('trial/hello')
#3 C:\wamp\www\yii\framework\base\CApplication.php(180): CWebApplication->processRequest()
#4 C:\wamp\www\bc\index.php(13): CApplication->run()
#5 {main}
REQUEST_URI=/bc/index.php?r=trial/hello
---
